[BLOCK] 2025-04-01 21:54:07 HTTPS www.ifeng.com
[BLOCK] 2025-04-01 21:54:07 HTTPS www.ifeng.com
[BLOCK] 2025-04-01 21:54:07 HTTPS www.ifeng.com
[BLOCK] 2025-04-01 21:54:08 HTTPS console.zhibo.ifeng.com
[BLOCK] 2025-04-01 21:54:08 HTTPS www.ifeng.com
[BLOCK] 2025-04-01 21:54:08 HTTPS console.zhibo.ifeng.com
[BLOCK] 2025-04-01 21:54:08 HTTPS shankapi.ifeng.com
[BLOCK] 2025-04-01 21:54:08 HTTPS shankapi.ifeng.com
[BLOCK] 2025-04-01 21:54:08 HTTPS ax.ifeng.com
[BLOCK] 2025-04-01 21:54:08 HTTPS ax.ifeng.com
[BLOCK] 2025-04-01 21:54:08 HTTPS console.zhibo.ifeng.com
[BLOCK] 2025-04-01 21:54:08 HTTPS ax.ifeng.com
[BLOCK] 2025-04-01 21:54:08 HTTPS ax.ifeng.com
[BLOCK] 2025-04-01 21:54:08 HTTPS ax.ifeng.com
[BLOCK] 2025-04-01 21:54:08 HTTPS shankapi.ifeng.com
[BLOCK] 2025-04-01 21:54:08 HTTPS ax.ifeng.com
[BLOCK] 2025-04-01 21:54:08 HTTPS ax.ifeng.com
[BLOCK] 2025-04-01 21:54:08 HTTPS ax.ifeng.com
[BLOCK] 2025-04-01 21:54:08 HTTPS ax.ifeng.com
[BLOCK] 2025-04-01 21:54:09 HTTPS ax.ifeng.com
[BLOCK] 2025-04-01 21:54:09 HTTPS ax.ifeng.com
[BLOCK] 2025-04-01 21:54:09 HTTPS ax.ifeng.com
[BLOCK] 2025-04-01 21:54:09 HTTPS console.zhibo.ifeng.com
[BLOCK] 2025-04-01 21:54:09 HTTPS shankapi.ifeng.com
[BLOCK] 2025-04-01 21:54:09 HTTPS ax.ifeng.com
[BLOCK] 2025-04-01 21:54:09 HTTPS www.ifeng.com
[BLOCK] 2025-04-01 21:54:09 HTTPS ax.ifeng.com
[BLOCK] 2025-04-01 21:54:09 HTTPS ax.ifeng.com
[BLOCK] 2025-04-01 21:54:09 HTTPS ax.ifeng.com
[BLOCK] 2025-04-01 21:54:10 HTTPS console.zhibo.ifeng.com
[BLOCK] 2025-04-01 21:54:10 HTTPS shankapi.ifeng.com
[BLOCK] 2025-04-01 21:54:10 HTTPS ax.ifeng.com
[BLOCK] 2025-04-01 21:54:10 HTTPS ax.ifeng.com
[BLOCK] 2025-04-01 21:54:10 HTTPS ax.ifeng.com
[BLOCK] 2025-04-01 21:54:10 HTTPS ax.ifeng.com
[BLOCK] 2025-04-01 21:54:11 HTTPS console.zhibo.ifeng.com
[BLOCK] 2025-04-01 21:54:12 HTTPS www.ifeng.com
[BLOCK] 2025-04-01 21:54:13 HTTPS console.zhibo.ifeng.com
[BLOCK] 2025-04-01 21:54:13 HTTPS shankapi.ifeng.com
[BLOCK] 2025-04-01 21:54:13 HTTPS ax.ifeng.com
[BLOCK] 2025-04-01 21:54:13 HTTPS ax.ifeng.com
[BLOCK] 2025-04-01 21:54:13 HTTPS ax.ifeng.com
[BLOCK] 2025-04-01 21:54:13 HTTPS ax.ifeng.com
[BLOCK] 2025-04-01 21:54:15 HTTPS console.zhibo.ifeng.com
[BLOCK] 2025-04-01 21:54:16 HTTPS www.ifeng.com
[BLOCK] 2025-04-01 21:54:17 HTTPS err.ifengcloud.ifeng.com
[BLOCK] 2025-04-01 21:54:17 HTTPS err.ifengcloud.ifeng.com
[BLOCK] 2025-04-01 21:54:17 HTTPS console.zhibo.ifeng.com
[BLOCK] 2025-04-01 21:54:17 HTTPS console.zhibo.ifeng.com
[BLOCK] 2025-04-01 21:54:17 HTTPS shankapi.ifeng.com
[BLOCK] 2025-04-01 21:54:17 HTTPS ax.ifeng.com
[BLOCK] 2025-04-01 21:54:17 HTTPS err.ifengcloud.ifeng.com
[BLOCK] 2025-04-01 21:54:18 HTTPS console.zhibo.ifeng.com
[BLOCK] 2025-04-01 21:54:18 HTTPS ax.ifeng.com
[BLOCK] 2025-04-01 21:54:18 HTTPS ax.ifeng.com
[BLOCK] 2025-04-01 21:54:18 HTTPS ax.ifeng.com
[BLOCK] 2025-04-01 21:54:18 HTTPS err.ifengcloud.ifeng.com
[BLOCK] 2025-04-01 21:54:18 HTTPS console.zhibo.ifeng.com
[BLOCK] 2025-04-01 21:54:19 HTTPS err.ifengcloud.ifeng.com
[BLOCK] 2025-04-01 21:54:19 HTTPS console.zhibo.ifeng.com
[BLOCK] 2025-04-01 21:54:19 HTTPS finance.ifeng.com
[BLOCK] 2025-04-01 21:54:19 HTTPS finance.ifeng.com
[BLOCK] 2025-04-01 21:54:20 HTTPS console.zhibo.ifeng.com
[BLOCK] 2025-04-01 21:54:20 HTTPS finance.ifeng.com
[BLOCK] 2025-04-01 21:54:20 HTTPS finance.ifeng.com
[BLOCK] 2025-04-01 21:54:22 HTTPS finance.ifeng.com
[BLOCK] 2025-04-01 21:54:22 HTTPS err.ifengcloud.ifeng.com
[BLOCK] 2025-04-01 21:54:22 HTTPS console.zhibo.ifeng.com
[BLOCK] 2025-04-01 21:54:22 HTTPS www.ifeng.com
[BLOCK] 2025-04-01 21:54:22 HTTPS www.ifeng.com
[BLOCK] 2025-04-01 21:54:22 HTTPS www.ifeng.com
[BLOCK] 2025-04-01 21:54:23 HTTPS www.ifeng.com
[BLOCK] 2025-04-01 21:54:24 HTTPS finance.ifeng.com
[BLOCK] 2025-04-01 21:54:24 HTTPS www.ifeng.com
[BLOCK] 2025-04-01 21:54:26 HTTPS err.ifengcloud.ifeng.com
[BLOCK] 2025-04-01 21:54:27 HTTPS www.ifeng.com
[BLOCK] 2025-04-01 21:54:27 HTTPS console.zhibo.ifeng.com
[BLOCK] 2025-04-01 21:54:29 HTTPS finance.ifeng.com
[BLOCK] 2025-04-01 21:54:31 HTTPS www.ifeng.com
[BLOCK] 2025-04-01 21:54:32 HTTPS err.ifengcloud.ifeng.com
[BLOCK] 2025-04-01 21:54:32 HTTPS err.ifengcloud.ifeng.com
[BLOCK] 2025-04-01 21:54:32 HTTPS err.ifengcloud.ifeng.com
[BLOCK] 2025-04-01 21:54:33 HTTPS err.ifengcloud.ifeng.com
[BLOCK] 2025-04-01 21:54:34 HTTPS www.ifeng.com
[BLOCK] 2025-04-01 21:54:34 HTTPS www.ifeng.com
[BLOCK] 2025-04-01 21:54:34 HTTPS err.ifengcloud.ifeng.com
[BLOCK] 2025-04-01 21:54:34 HTTPS www.ifeng.com
[BLOCK] 2025-04-01 21:54:34 HTTPS finance.ifeng.com
[BLOCK] 2025-04-01 21:54:35 HTTPS finance.ifeng.com
[BLOCK] 2025-04-01 21:54:35 HTTPS www.ifeng.com
[BLOCK] 2025-04-01 21:54:35 HTTPS finance.ifeng.com
[BLOCK] 2025-04-01 21:54:35 HTTPS finance.ifeng.com
[BLOCK] 2025-04-01 21:54:36 HTTPS www.ifeng.com
[BLOCK] 2025-04-01 21:54:36 HTTPS err.ifengcloud.ifeng.com
[BLOCK] 2025-04-01 21:54:37 HTTPS finance.ifeng.com
[BLOCK] 2025-04-01 21:54:37 HTTPS err.ifengcloud.ifeng.com
[BLOCK] 2025-04-01 21:54:37 HTTPS err.ifengcloud.ifeng.com
[BLOCK] 2025-04-01 21:54:37 HTTPS err.ifengcloud.ifeng.com
[BLOCK] 2025-04-01 21:54:38 HTTPS err.ifengcloud.ifeng.com
[BLOCK] 2025-04-01 21:54:38 HTTPS www.ifeng.com
[BLOCK] 2025-04-01 21:54:39 HTTPS err.ifengcloud.ifeng.com
[BLOCK] 2025-04-01 21:54:39 HTTPS finance.ifeng.com
[BLOCK] 2025-04-01 21:54:40 HTTPS stadig.ifeng.com
[BLOCK] 2025-04-01 21:54:40 HTTPS stadig.ifeng.com
[BLOCK] 2025-04-01 21:54:40 HTTPS console.zhibo.ifeng.com
[BLOCK] 2025-04-01 21:54:40 HTTPS console.zhibo.ifeng.com
[BLOCK] 2025-04-01 21:54:40 HTTPS shankapi.ifeng.com
[BLOCK] 2025-04-01 21:54:40 HTTPS shankapi.ifeng.com
[BLOCK] 2025-04-01 21:54:40 HTTPS shankapi.ifeng.com
[BLOCK] 2025-04-01 21:54:40 HTTPS shankapi.ifeng.com
[BLOCK] 2025-04-01 21:54:40 HTTPS stadig.ifeng.com
[BLOCK] 2025-04-01 21:54:40 HTTPS console.zhibo.ifeng.com
[BLOCK] 2025-04-01 21:54:40 HTTPS shankapi.ifeng.com
[BLOCK] 2025-04-01 21:54:40 HTTPS shankapi.ifeng.com
[BLOCK] 2025-04-01 21:54:41 HTTPS stadig.ifeng.com
[BLOCK] 2025-04-01 21:54:41 HTTPS console.zhibo.ifeng.com
[BLOCK] 2025-04-01 21:54:41 HTTPS shankapi.ifeng.com
[BLOCK] 2025-04-01 21:54:41 HTTPS shankapi.ifeng.com
[BLOCK] 2025-04-01 21:54:41 HTTPS err.ifengcloud.ifeng.com
[BLOCK] 2025-04-01 21:54:41 HTTPS err.ifengcloud.ifeng.com
[BLOCK] 2025-04-01 21:54:42 HTTPS stadig.ifeng.com
[BLOCK] 2025-04-01 21:54:42 HTTPS console.zhibo.ifeng.com
[BLOCK] 2025-04-01 21:54:42 HTTPS shankapi.ifeng.com
[BLOCK] 2025-04-01 21:54:42 HTTPS shankapi.ifeng.com
[BLOCK] 2025-04-01 21:54:43 HTTPS www.ifeng.com
[BLOCK] 2025-04-01 21:54:44 HTTPS finance.ifeng.com
[BLOCK] 2025-04-01 21:54:44 HTTPS stadig.ifeng.com
[BLOCK] 2025-04-01 21:54:44 HTTPS console.zhibo.ifeng.com
[BLOCK] 2025-04-01 21:54:45 HTTPS shankapi.ifeng.com
[BLOCK] 2025-04-01 21:54:45 HTTPS shankapi.ifeng.com
[BLOCK] 2025-04-01 21:54:46 HTTPS err.ifengcloud.ifeng.com
[BLOCK] 2025-04-01 21:54:49 HTTPS www.ifeng.com
[BLOCK] 2025-04-01 21:54:49 HTTPS www.ifeng.com
[BLOCK] 2025-04-01 21:54:49 HTTPS www.ifeng.com
[BLOCK] 2025-04-01 21:54:49 HTTPS stadig.ifeng.com
[BLOCK] 2025-04-01 21:54:49 HTTPS console.zhibo.ifeng.com
[BLOCK] 2025-04-01 21:54:49 HTTPS shankapi.ifeng.com
[BLOCK] 2025-04-01 21:54:49 HTTPS shankapi.ifeng.com
[BLOCK] 2025-04-01 21:54:50 HTTPS www.ifeng.com
[BLOCK] 2025-04-01 21:54:51 HTTPS www.ifeng.com
[BLOCK] 2025-04-01 21:54:53 HTTPS www.ifeng.com
[BLOCK] 2025-04-01 21:54:55 HTTPS shankapi.ifeng.com
[BLOCK] 2025-04-01 21:54:55 HTTPS shankapi.ifeng.com
[BLOCK] 2025-04-01 21:54:55 HTTPS shankapi.ifeng.com
[BLOCK] 2025-04-01 21:54:56 HTTPS shankapi.ifeng.com
[BLOCK] 2025-04-01 21:54:57 HTTPS shankapi.ifeng.com
[BLOCK] 2025-04-01 21:54:58 HTTPS www.ifeng.com
[BLOCK] 2025-04-01 21:54:59 HTTPS console.zhibo.ifeng.com
[BLOCK] 2025-04-01 21:54:59 HTTPS console.zhibo.ifeng.com
[BLOCK] 2025-04-01 21:54:59 HTTPS console.zhibo.ifeng.com
[BLOCK] 2025-04-01 21:55:00 HTTPS shankapi.ifeng.com
[BLOCK] 2025-04-01 21:55:00 HTTPS console.zhibo.ifeng.com
[BLOCK] 2025-04-01 21:55:01 HTTPS console.zhibo.ifeng.com
[BLOCK] 2025-04-01 21:55:03 HTTPS console.zhibo.ifeng.com
[BLOCK] 2025-04-01 21:55:04 HTTPS shankapi.ifeng.com
[BLOCK] 2025-04-01 21:55:08 HTTPS console.zhibo.ifeng.com
[BLOCK] 2025-04-01 21:55:13 HTTPS www.ifeng.com
[BLOCK] 2025-04-01 21:55:13 HTTPS www.ifeng.com
[BLOCK] 2025-04-01 21:55:14 HTTPS www.ifeng.com
[BLOCK] 2025-04-01 21:55:14 HTTPS err.ifengcloud.ifeng.com
[BLOCK] 2025-04-01 21:55:14 HTTPS err.ifengcloud.ifeng.com
[BLOCK] 2025-04-01 21:55:14 HTTPS err.ifengcloud.ifeng.com
[BLOCK] 2025-04-01 21:55:14 HTTPS www.ifeng.com
[BLOCK] 2025-04-01 21:55:14 HTTPS console.zhibo.ifeng.com
[BLOCK] 2025-04-01 21:55:14 HTTPS console.zhibo.ifeng.com
[BLOCK] 2025-04-01 21:55:15 HTTPS err.ifengcloud.ifeng.com
[BLOCK] 2025-04-01 21:55:15 HTTPS console.zhibo.ifeng.com
[BLOCK] 2025-04-01 21:55:15 HTTPS console.zhibo.ifeng.com
[BLOCK] 2025-04-01 21:55:15 HTTPS www.ifeng.com
[BLOCK] 2025-04-01 21:55:16 HTTPS err.ifengcloud.ifeng.com
[BLOCK] 2025-04-01 21:55:17 HTTPS console.zhibo.ifeng.com
[BLOCK] 2025-04-01 21:55:18 HTTPS www.ifeng.com
[BLOCK] 2025-04-01 21:55:18 HTTPS err.ifengcloud.ifeng.com
[BLOCK] 2025-04-01 21:55:19 HTTPS console.zhibo.ifeng.com
[BLOCK] 2025-04-01 21:55:23 HTTPS www.ifeng.com
[BLOCK] 2025-04-01 21:55:23 HTTPS err.ifengcloud.ifeng.com
[BLOCK] 2025-04-01 21:55:24 HTTPS console.zhibo.ifeng.com
[BLOCK] 2025-04-01 21:55:28 HTTPS www.ifeng.com
[BLOCK] 2025-04-01 21:55:28 HTTPS www.ifeng.com
[BLOCK] 2025-04-01 21:55:29 HTTPS www.ifeng.com
[BLOCK] 2025-04-01 21:55:29 HTTPS www.ifeng.com
[BLOCK] 2025-04-01 21:55:30 HTTPS www.ifeng.com
[BLOCK] 2025-04-01 21:55:31 HTTPS err.ifengcloud.ifeng.com
[BLOCK] 2025-04-01 21:55:31 HTTPS err.ifengcloud.ifeng.com
[BLOCK] 2025-04-01 21:55:32 HTTPS err.ifengcloud.ifeng.com
[BLOCK] 2025-04-01 21:55:32 HTTPS err.ifengcloud.ifeng.com
[BLOCK] 2025-04-01 21:55:33 HTTPS www.ifeng.com
[BLOCK] 2025-04-01 21:55:33 HTTPS console.zhibo.ifeng.com
[BLOCK] 2025-04-01 21:55:33 HTTPS err.ifengcloud.ifeng.com
[BLOCK] 2025-04-01 21:55:33 HTTPS console.zhibo.ifeng.com
[BLOCK] 2025-04-01 21:55:34 HTTPS console.zhibo.ifeng.com
[BLOCK] 2025-04-01 21:55:34 HTTPS console.zhibo.ifeng.com
[BLOCK] 2025-04-01 21:55:34 HTTPS shankapi.ifeng.com
[BLOCK] 2025-04-01 21:55:34 HTTPS shankapi.ifeng.com
[BLOCK] 2025-04-01 21:55:35 HTTPS shankapi.ifeng.com
[BLOCK] 2025-04-01 21:55:35 HTTPS shankapi.ifeng.com
[BLOCK] 2025-04-01 21:55:36 HTTPS console.zhibo.ifeng.com
[BLOCK] 2025-04-01 21:55:36 HTTPS err.ifengcloud.ifeng.com
[BLOCK] 2025-04-01 21:55:36 HTTPS err.ifengcloud.ifeng.com
[BLOCK] 2025-04-01 21:55:36 HTTPS err.ifengcloud.ifeng.com
[BLOCK] 2025-04-01 21:55:37 HTTPS shankapi.ifeng.com
[BLOCK] 2025-04-01 21:55:37 HTTPS err.ifengcloud.ifeng.com
[BLOCK] 2025-04-01 21:55:37 HTTPS err.ifengcloud.ifeng.com
[BLOCK] 2025-04-01 21:55:38 HTTPS www.ifeng.com
[BLOCK] 2025-04-01 21:55:38 HTTPS console.zhibo.ifeng.com
[BLOCK] 2025-04-01 21:55:38 HTTPS err.ifengcloud.ifeng.com
[BLOCK] 2025-04-01 21:55:39 HTTPS shankapi.ifeng.com
[BLOCK] 2025-04-01 21:55:41 HTTPS err.ifengcloud.ifeng.com
[BLOCK] 2025-04-01 21:55:41 HTTPS err.ifengcloud.ifeng.com
[BLOCK] 2025-04-01 21:55:43 HTTPS console.zhibo.ifeng.com
[BLOCK] 2025-04-01 21:55:44 HTTPS shankapi.ifeng.com
[BLOCK] 2025-04-01 21:55:46 HTTPS err.ifengcloud.ifeng.com
[BLOCK] 2025-04-01 21:55:49 HTTPS shankapi.ifeng.com
[BLOCK] 2025-04-01 21:55:50 HTTPS shankapi.ifeng.com
[BLOCK] 2025-04-01 21:55:50 HTTPS shankapi.ifeng.com
[BLOCK] 2025-04-01 21:55:50 HTTPS shankapi.ifeng.com
[BLOCK] 2025-04-01 21:55:52 HTTPS shankapi.ifeng.com
[BLOCK] 2025-04-01 21:55:54 HTTPS shankapi.ifeng.com
[BLOCK] 2025-04-01 21:55:59 HTTPS shankapi.ifeng.com
[BLOCK] 2025-04-01 21:56:15 HTTPS shankapi.ifeng.com
[BLOCK] 2025-04-01 21:56:15 HTTPS shankapi.ifeng.com
[BLOCK] 2025-04-01 21:56:15 HTTPS shankapi.ifeng.com
[BLOCK] 2025-04-01 21:56:16 HTTPS shankapi.ifeng.com
[BLOCK] 2025-04-01 21:56:17 HTTPS shankapi.ifeng.com
[BLOCK] 2025-04-01 21:56:20 HTTPS shankapi.ifeng.com
[BLOCK] 2025-04-01 21:56:25 HTTPS shankapi.ifeng.com
[BLOCK] 2025-04-01 21:57:41 HTTPS www.ifeng.com
[BLOCK] 2025-04-01 21:57:41 HTTPS www.ifeng.com
[BLOCK] 2025-04-01 21:57:41 HTTPS www.ifeng.com
[BLOCK] 2025-04-01 21:57:42 HTTPS www.ifeng.com
[BLOCK] 2025-04-01 21:57:43 HTTPS www.ifeng.com
[BLOCK] 2025-04-01 21:57:45 HTTPS www.ifeng.com
[BLOCK] 2025-04-01 21:57:49 HTTPS err.ifengcloud.ifeng.com
[BLOCK] 2025-04-01 21:57:49 HTTPS err.ifengcloud.ifeng.com
[BLOCK] 2025-04-01 21:57:50 HTTPS err.ifengcloud.ifeng.com
[BLOCK] 2025-04-01 21:57:50 HTTPS www.ifeng.com
[BLOCK] 2025-04-01 21:57:50 HTTPS err.ifengcloud.ifeng.com
[BLOCK] 2025-04-01 21:57:51 HTTPS err.ifengcloud.ifeng.com
[BLOCK] 2025-04-01 21:57:54 HTTPS err.ifengcloud.ifeng.com
[BLOCK] 2025-04-01 21:57:54 HTTPS err.ifengcloud.ifeng.com
[BLOCK] 2025-04-01 21:57:54 HTTPS err.ifengcloud.ifeng.com
[BLOCK] 2025-04-01 21:57:55 HTTPS err.ifengcloud.ifeng.com
[BLOCK] 2025-04-01 21:57:55 HTTPS err.ifengcloud.ifeng.com
[BLOCK] 2025-04-01 21:57:56 HTTPS www.ifeng.com
[BLOCK] 2025-04-01 21:57:56 HTTPS www.ifeng.com
[BLOCK] 2025-04-01 21:57:56 HTTPS www.ifeng.com
[BLOCK] 2025-04-01 21:57:56 HTTPS err.ifengcloud.ifeng.com
[BLOCK] 2025-04-01 21:57:57 HTTPS www.ifeng.com
[BLOCK] 2025-04-01 21:57:58 HTTPS www.ifeng.com
[BLOCK] 2025-04-01 21:57:59 HTTPS err.ifengcloud.ifeng.com
[BLOCK] 2025-04-01 21:57:59 HTTPS err.ifengcloud.ifeng.com
[BLOCK] 2025-04-01 21:58:00 HTTPS www.ifeng.com
[BLOCK] 2025-04-01 21:58:04 HTTPS err.ifengcloud.ifeng.com
[BLOCK] 2025-04-01 21:58:05 HTTPS www.ifeng.com
[BLOCK] 2025-04-01 21:58:18 HTTPS finance.ifeng.com
[BLOCK] 2025-04-01 21:58:18 HTTPS finance.ifeng.com
[BLOCK] 2025-04-01 21:58:18 HTTPS finance.ifeng.com
[BLOCK] 2025-04-01 21:58:18 HTTPS finance.ifeng.com
[BLOCK] 2025-04-01 21:58:18 HTTPS finance.ifeng.com
[BLOCK] 2025-04-01 21:58:18 HTTPS finance.ifeng.com
[BLOCK] 2025-04-01 21:58:19 HTTPS finance.ifeng.com
[BLOCK] 2025-04-01 21:58:19 HTTPS finance.ifeng.com
[BLOCK] 2025-04-01 21:58:20 HTTPS finance.ifeng.com
[BLOCK] 2025-04-01 21:58:20 HTTPS finance.ifeng.com
[BLOCK] 2025-04-01 21:58:21 HTTPS finance.ifeng.com
[BLOCK] 2025-04-01 21:58:23 HTTPS finance.ifeng.com
[BLOCK] 2025-04-01 21:58:23 HTTPS finance.ifeng.com
[BLOCK] 2025-04-01 21:58:23 HTTPS news.ifeng.com
[BLOCK] 2025-04-01 21:58:23 HTTPS news.ifeng.com
[BLOCK] 2025-04-01 21:58:23 HTTPS news.ifeng.com
[BLOCK] 2025-04-01 21:58:24 HTTPS news.ifeng.com
[BLOCK] 2025-04-01 21:58:24 HTTPS comment.ifeng.com
[BLOCK] 2025-04-01 21:58:24 HTTPS comment.ifeng.com
[BLOCK] 2025-04-01 21:58:24 HTTPS comment.ifeng.com
[BLOCK] 2025-04-01 21:58:25 HTTPS comment.ifeng.com
[BLOCK] 2025-04-01 21:58:25 HTTPS finance.ifeng.com
[BLOCK] 2025-04-01 21:58:25 HTTPS news.ifeng.com
[BLOCK] 2025-04-01 21:58:26 HTTPS comment.ifeng.com
[BLOCK] 2025-04-01 21:58:27 HTTPS finance.ifeng.com
[BLOCK] 2025-04-01 21:58:27 HTTPS news.ifeng.com
[BLOCK] 2025-04-01 21:58:27 HTTPS err.ifengcloud.ifeng.com
[BLOCK] 2025-04-01 21:58:28 HTTPS err.ifengcloud.ifeng.com
[BLOCK] 2025-04-01 21:58:28 HTTPS err.ifengcloud.ifeng.com
[BLOCK] 2025-04-01 21:58:28 HTTPS err.ifengcloud.ifeng.com
[BLOCK] 2025-04-01 21:58:28 HTTPS comment.ifeng.com
[BLOCK] 2025-04-01 21:58:30 HTTPS err.ifengcloud.ifeng.com
[BLOCK] 2025-04-01 21:58:30 HTTPS finance.ifeng.com
[BLOCK] 2025-04-01 21:58:32 HTTPS err.ifengcloud.ifeng.com
[BLOCK] 2025-04-01 21:58:32 HTTPS news.ifeng.com
[BLOCK] 2025-04-01 21:58:33 HTTPS err.ifengcloud.ifeng.com
[BLOCK] 2025-04-01 21:58:33 HTTPS err.ifengcloud.ifeng.com
[BLOCK] 2025-04-01 21:58:33 HTTPS err.ifengcloud.ifeng.com
[BLOCK] 2025-04-01 21:58:33 HTTPS stadig.ifeng.com
[BLOCK] 2025-04-01 21:58:33 HTTPS stadig.ifeng.com
[BLOCK] 2025-04-01 21:58:33 HTTPS www.ifeng.com
[BLOCK] 2025-04-01 21:58:33 HTTPS finance.ifeng.com
[BLOCK] 2025-04-01 21:58:33 HTTPS www.ifeng.com
[BLOCK] 2025-04-01 21:58:33 HTTPS finance.ifeng.com
[BLOCK] 2025-04-01 21:58:33 HTTPS comment.ifeng.com
[BLOCK] 2025-04-01 21:58:33 HTTPS stadig.ifeng.com
[BLOCK] 2025-04-01 21:58:33 HTTPS www.ifeng.com
[BLOCK] 2025-04-01 21:58:33 HTTPS finance.ifeng.com
[BLOCK] 2025-04-01 21:58:34 HTTPS err.ifengcloud.ifeng.com
[BLOCK] 2025-04-01 21:58:34 HTTPS stadig.ifeng.com
[BLOCK] 2025-04-01 21:58:34 HTTPS www.ifeng.com
[BLOCK] 2025-04-01 21:58:34 HTTPS finance.ifeng.com
[BLOCK] 2025-04-01 21:58:35 HTTPS err.ifengcloud.ifeng.com
[BLOCK] 2025-04-01 21:58:35 HTTPS stadig.ifeng.com
[BLOCK] 2025-04-01 21:58:35 HTTPS www.ifeng.com
[BLOCK] 2025-04-01 21:58:35 HTTPS finance.ifeng.com
[BLOCK] 2025-04-01 21:58:37 HTTPS err.ifengcloud.ifeng.com
[BLOCK] 2025-04-01 21:58:37 HTTPS err.ifengcloud.ifeng.com
[BLOCK] 2025-04-01 21:58:38 HTTPS stadig.ifeng.com
[BLOCK] 2025-04-01 21:58:38 HTTPS www.ifeng.com
[BLOCK] 2025-04-01 21:58:38 HTTPS finance.ifeng.com
[BLOCK] 2025-04-01 21:58:38 HTTPS news.ifeng.com
[BLOCK] 2025-04-01 21:58:38 HTTPS news.ifeng.com
[BLOCK] 2025-04-01 21:58:38 HTTPS news.ifeng.com
[BLOCK] 2025-04-01 21:58:39 HTTPS news.ifeng.com
[BLOCK] 2025-04-01 21:58:40 HTTPS news.ifeng.com
[BLOCK] 2025-04-01 21:58:42 HTTPS shankapi.ifeng.com
[BLOCK] 2025-04-01 21:58:42 HTTPS shankapi.ifeng.com
[BLOCK] 2025-04-01 21:58:42 HTTPS err.ifengcloud.ifeng.com
[BLOCK] 2025-04-01 21:58:42 HTTPS shankapi.ifeng.com
[BLOCK] 2025-04-01 21:58:42 HTTPS stadig.ifeng.com
[BLOCK] 2025-04-01 21:58:42 HTTPS www.ifeng.com
[BLOCK] 2025-04-01 21:58:42 HTTPS finance.ifeng.com
[BLOCK] 2025-04-01 21:58:42 HTTPS news.ifeng.com
[BLOCK] 2025-04-01 21:58:43 HTTPS shankapi.ifeng.com
[BLOCK] 2025-04-01 21:58:44 HTTPS shankapi.ifeng.com
[BLOCK] 2025-04-01 21:58:46 HTTPS shankapi.ifeng.com
[BLOCK] 2025-04-01 21:58:47 HTTPS news.ifeng.com
[BLOCK] 2025-04-01 21:58:51 HTTPS shankapi.ifeng.com
[BLOCK] 2025-04-01 21:58:57 HTTPS shankapi.ifeng.com
[BLOCK] 2025-04-01 21:58:57 HTTPS shankapi.ifeng.com
[BLOCK] 2025-04-01 21:58:57 HTTPS shankapi.ifeng.com
[BLOCK] 2025-04-01 21:58:58 HTTPS shankapi.ifeng.com
[BLOCK] 2025-04-01 21:58:59 HTTPS shankapi.ifeng.com
[BLOCK] 2025-04-01 21:59:01 HTTPS shankapi.ifeng.com
[BLOCK] 2025-04-01 21:59:06 HTTPS shankapi.ifeng.com
[BLOCK] 2025-04-01 22:00:42 HTTPS shankapi.ifeng.com
[BLOCK] 2025-04-01 22:00:42 HTTPS shankapi.ifeng.com
[BLOCK] 2025-04-01 22:00:42 HTTPS shankapi.ifeng.com
[BLOCK] 2025-04-01 22:00:43 HTTPS shankapi.ifeng.com
[BLOCK] 2025-04-01 22:00:44 HTTPS shankapi.ifeng.com
[BLOCK] 2025-04-01 22:00:46 HTTPS shankapi.ifeng.com
[BLOCK] 2025-04-01 22:00:51 HTTPS shankapi.ifeng.com
[BLOCK] 2025-04-01 22:01:42 HTTPS shankapi.ifeng.com
[BLOCK] 2025-04-01 22:01:42 HTTPS shankapi.ifeng.com
[BLOCK] 2025-04-01 22:01:42 HTTPS shankapi.ifeng.com
[BLOCK] 2025-04-01 22:01:43 HTTPS shankapi.ifeng.com
[BLOCK] 2025-04-01 22:01:44 HTTPS shankapi.ifeng.com
[BLOCK] 2025-04-01 22:01:46 HTTPS shankapi.ifeng.com
[BLOCK] 2025-04-01 22:01:51 HTTPS shankapi.ifeng.com
[BLOCK] 2025-04-01 22:03:42 HTTPS shankapi.ifeng.com
[BLOCK] 2025-04-01 22:03:42 HTTPS shankapi.ifeng.com
[BLOCK] 2025-04-01 22:03:43 HTTPS shankapi.ifeng.com
[BLOCK] 2025-04-01 22:03:43 HTTPS shankapi.ifeng.com
[BLOCK] 2025-04-01 22:03:44 HTTPS shankapi.ifeng.com
[BLOCK] 2025-04-01 22:03:47 HTTPS shankapi.ifeng.com
[BLOCK] 2025-04-01 22:03:52 HTTPS shankapi.ifeng.com
[BLOCK] 2025-04-01 22:05:37 HTTPS shankapi.ifeng.com
[BLOCK] 2025-04-01 22:05:37 HTTPS shankapi.ifeng.com
[BLOCK] 2025-04-01 22:05:37 HTTPS shankapi.ifeng.com
[BLOCK] 2025-04-01 22:05:37 HTTPS shankapi.ifeng.com
[BLOCK] 2025-04-01 22:05:38 HTTPS shankapi.ifeng.com
[BLOCK] 2025-04-01 22:05:38 HTTPS shankapi.ifeng.com
[BLOCK] 2025-04-01 22:05:38 HTTPS shankapi.ifeng.com
[BLOCK] 2025-04-01 22:05:38 HTTPS shankapi.ifeng.com
[BLOCK] 2025-04-01 22:05:39 HTTPS shankapi.ifeng.com
[BLOCK] 2025-04-01 22:05:39 HTTPS shankapi.ifeng.com
[BLOCK] 2025-04-01 22:05:42 HTTPS shankapi.ifeng.com
[BLOCK] 2025-04-01 22:05:42 HTTPS shankapi.ifeng.com
[BLOCK] 2025-04-01 22:05:47 HTTPS shankapi.ifeng.com
[BLOCK] 2025-04-01 22:05:47 HTTPS shankapi.ifeng.com
[BLOCK] 2025-04-01 22:05:52 HTTPS shankapi.ifeng.com
[BLOCK] 2025-04-01 22:05:52 HTTPS shankapi.ifeng.com
[BLOCK] 2025-04-01 22:05:53 HTTPS shankapi.ifeng.com
[BLOCK] 2025-04-01 22:05:53 HTTPS shankapi.ifeng.com
[BLOCK] 2025-04-01 22:05:54 HTTPS shankapi.ifeng.com
[BLOCK] 2025-04-01 22:05:57 HTTPS shankapi.ifeng.com
[BLOCK] 2025-04-01 22:06:02 HTTPS shankapi.ifeng.com
[BLOCK] 2025-04-01 22:07:37 HTTPS shankapi.ifeng.com
[BLOCK] 2025-04-01 22:07:37 HTTPS shankapi.ifeng.com
[BLOCK] 2025-04-01 22:07:37 HTTPS shankapi.ifeng.com
[BLOCK] 2025-04-01 22:07:38 HTTPS shankapi.ifeng.com
[BLOCK] 2025-04-01 22:07:39 HTTPS shankapi.ifeng.com
[BLOCK] 2025-04-01 22:07:42 HTTPS shankapi.ifeng.com
[BLOCK] 2025-04-01 22:07:47 HTTPS shankapi.ifeng.com
[BLOCK] 2025-04-01 22:08:12 HTTPS stadig.ifeng.com
[BLOCK] 2025-04-01 22:08:12 HTTPS stadig.ifeng.com
[BLOCK] 2025-04-01 22:08:12 HTTPS stadig.ifeng.com
[BLOCK] 2025-04-01 22:08:14 HTTPS stadig.ifeng.com
[BLOCK] 2025-04-01 22:08:15 HTTPS stadig.ifeng.com
[BLOCK] 2025-04-01 22:08:15 HTTPS stadig.ifeng.com
[BLOCK] 2025-04-01 22:08:15 HTTPS stadig.ifeng.com
[BLOCK] 2025-04-01 22:08:16 HTTPS stadig.ifeng.com
[BLOCK] 2025-04-01 22:08:16 HTTPS www.ifeng.com
[BLOCK] 2025-04-01 22:08:16 HTTPS www.ifeng.com
[BLOCK] 2025-04-01 22:08:16 HTTPS www.ifeng.com
[BLOCK] 2025-04-01 22:08:16 HTTPS www.ifeng.com
[BLOCK] 2025-04-01 22:08:17 HTTPS stadig.ifeng.com
[BLOCK] 2025-04-01 22:08:17 HTTPS www.ifeng.com
[BLOCK] 2025-04-01 22:08:17 HTTPS www.ifeng.com
[BLOCK] 2025-04-01 22:08:17 HTTPS stadig.ifeng.com
[BLOCK] 2025-04-01 22:08:17 HTTPS www.ifeng.com
[BLOCK] 2025-04-01 22:08:17 HTTPS www.ifeng.com
[BLOCK] 2025-04-01 22:08:18 HTTPS www.ifeng.com
[BLOCK] 2025-04-01 22:08:18 HTTPS www.ifeng.com
[BLOCK] 2025-04-01 22:08:20 HTTPS stadig.ifeng.com
[BLOCK] 2025-04-01 22:08:21 HTTPS www.ifeng.com
[BLOCK] 2025-04-01 22:08:21 HTTPS www.ifeng.com
[BLOCK] 2025-04-01 22:08:21 HTTPS stadig.ifeng.com
[BLOCK] 2025-04-01 22:08:24 HTTPS stadig.ifeng.com
[BLOCK] 2025-04-01 22:08:26 HTTPS www.ifeng.com
[BLOCK] 2025-04-01 22:08:26 HTTPS www.ifeng.com
[BLOCK] 2025-04-01 22:08:31 HTTPS stadig.ifeng.com
[BLOCK] 2025-04-01 22:08:31 HTTPS stadig.ifeng.com
[BLOCK] 2025-04-01 22:08:31 HTTPS www.ifeng.com
[BLOCK] 2025-04-01 22:08:31 HTTPS stadig.ifeng.com
[BLOCK] 2025-04-01 22:08:31 HTTPS www.ifeng.com
[BLOCK] 2025-04-01 22:08:32 HTTPS www.ifeng.com
[BLOCK] 2025-04-01 22:08:32 HTTPS stadig.ifeng.com
[BLOCK] 2025-04-01 22:08:32 HTTPS www.ifeng.com
[BLOCK] 2025-04-01 22:08:32 HTTPS stadig.ifeng.com
[BLOCK] 2025-04-01 22:08:33 HTTPS stadig.ifeng.com
[BLOCK] 2025-04-01 22:08:33 HTTPS stadig.ifeng.com
[BLOCK] 2025-04-01 22:08:33 HTTPS stadig.ifeng.com
[BLOCK] 2025-04-01 22:08:33 HTTPS stadig.ifeng.com
[BLOCK] 2025-04-01 22:08:34 HTTPS www.ifeng.com
[BLOCK] 2025-04-01 22:08:34 HTTPS stadig.ifeng.com
[BLOCK] 2025-04-01 22:08:34 HTTPS stadig.ifeng.com
[BLOCK] 2025-04-01 22:08:34 HTTPS stadig.ifeng.com
[BLOCK] 2025-04-01 22:08:35 HTTPS stadig.ifeng.com
[BLOCK] 2025-04-01 22:08:35 HTTPS stadig.ifeng.com
[BLOCK] 2025-04-01 22:08:36 HTTPS stadig.ifeng.com
[BLOCK] 2025-04-01 22:08:36 HTTPS www.ifeng.com
[BLOCK] 2025-04-01 22:08:36 HTTPS stadig.ifeng.com
[BLOCK] 2025-04-01 22:08:37 HTTPS stadig.ifeng.com
[BLOCK] 2025-04-01 22:08:37 HTTPS stadig.ifeng.com
[BLOCK] 2025-04-01 22:08:37 HTTPS stadig.ifeng.com
[BLOCK] 2025-04-01 22:08:37 HTTPS stadig.ifeng.com
[BLOCK] 2025-04-01 22:08:37 HTTPS stadig.ifeng.com
[BLOCK] 2025-04-01 22:08:37 HTTPS stadig.ifeng.com
[BLOCK] 2025-04-01 22:08:38 HTTPS ax.ifeng.com
[BLOCK] 2025-04-01 22:08:38 HTTPS ax.ifeng.com
[BLOCK] 2025-04-01 22:08:38 HTTPS stadig.ifeng.com
[BLOCK] 2025-04-01 22:08:38 HTTPS stadig.ifeng.com
[BLOCK] 2025-04-01 22:08:38 HTTPS ax.ifeng.com
[BLOCK] 2025-04-01 22:08:38 HTTPS stadig.ifeng.com
[BLOCK] 2025-04-01 22:08:39 HTTPS ax.ifeng.com
[BLOCK] 2025-04-01 22:08:39 HTTPS stadig.ifeng.com
[BLOCK] 2025-04-01 22:08:39 HTTPS stadig.ifeng.com
[BLOCK] 2025-04-01 22:08:40 HTTPS stadig.ifeng.com
[BLOCK] 2025-04-01 22:08:40 HTTPS ax.ifeng.com
[BLOCK] 2025-04-01 22:08:40 HTTPS stadig.ifeng.com
[BLOCK] 2025-04-01 22:08:41 HTTPS www.ifeng.com
[BLOCK] 2025-04-01 22:08:42 HTTPS stadig.ifeng.com
[BLOCK] 2025-04-01 22:08:42 HTTPS stadig.ifeng.com
[BLOCK] 2025-04-01 22:08:42 HTTPS stadig.ifeng.com
[BLOCK] 2025-04-01 22:08:42 HTTPS ax.ifeng.com
[BLOCK] 2025-04-01 22:08:43 HTTPS stadig.ifeng.com
[BLOCK] 2025-04-01 22:08:46 HTTPS stadig.ifeng.com
[BLOCK] 2025-04-01 22:08:47 HTTPS stadig.ifeng.com
[BLOCK] 2025-04-01 22:08:47 HTTPS ax.ifeng.com
[BLOCK] 2025-04-01 22:08:49 HTTPS err.ifengcloud.ifeng.com
[BLOCK] 2025-04-01 22:08:49 HTTPS err.ifengcloud.ifeng.com
[BLOCK] 2025-04-01 22:08:49 HTTPS err.ifengcloud.ifeng.com
[BLOCK] 2025-04-01 22:08:50 HTTPS err.ifengcloud.ifeng.com
[BLOCK] 2025-04-01 22:08:51 HTTPS err.ifengcloud.ifeng.com
[BLOCK] 2025-04-01 22:08:54 HTTPS err.ifengcloud.ifeng.com
[BLOCK] 2025-04-01 22:08:54 HTTPS err.ifengcloud.ifeng.com
[BLOCK] 2025-04-01 22:08:54 HTTPS err.ifengcloud.ifeng.com
[BLOCK] 2025-04-01 22:08:54 HTTPS err.ifengcloud.ifeng.com
[BLOCK] 2025-04-01 22:08:55 HTTPS err.ifengcloud.ifeng.com
[BLOCK] 2025-04-01 22:08:56 HTTPS err.ifengcloud.ifeng.com
[BLOCK] 2025-04-01 22:08:58 HTTPS err.ifengcloud.ifeng.com
[BLOCK] 2025-04-01 22:08:59 HTTPS err.ifengcloud.ifeng.com
[BLOCK] 2025-04-01 22:09:03 HTTPS err.ifengcloud.ifeng.com
[BLOCK] 2025-04-01 22:09:59 HTTPS console.zhibo.ifeng.com
[BLOCK] 2025-04-01 22:09:59 HTTPS console.zhibo.ifeng.com
[BLOCK] 2025-04-01 22:09:59 HTTPS console.zhibo.ifeng.com
[BLOCK] 2025-04-01 22:10:00 HTTPS console.zhibo.ifeng.com
[BLOCK] 2025-04-01 22:10:01 HTTPS console.zhibo.ifeng.com
[BLOCK] 2025-04-01 22:10:03 HTTPS console.zhibo.ifeng.com
[BLOCK] 2025-04-01 22:10:08 HTTPS console.zhibo.ifeng.com
[BLOCK] 2025-04-01 22:10:11 HTTPS err.ifengcloud.ifeng.com
[BLOCK] 2025-04-01 22:10:11 HTTPS err.ifengcloud.ifeng.com
[BLOCK] 2025-04-01 22:10:11 HTTPS err.ifengcloud.ifeng.com
[BLOCK] 2025-04-01 22:10:11 HTTPS shankapi.ifeng.com
[BLOCK] 2025-04-01 22:10:11 HTTPS shankapi.ifeng.com
[BLOCK] 2025-04-01 22:10:12 HTTPS err.ifengcloud.ifeng.com
[BLOCK] 2025-04-01 22:10:12 HTTPS shankapi.ifeng.com
[BLOCK] 2025-04-01 22:10:12 HTTPS shankapi.ifeng.com
[BLOCK] 2025-04-01 22:10:13 HTTPS err.ifengcloud.ifeng.com
[BLOCK] 2025-04-01 22:10:14 HTTPS shankapi.ifeng.com
[BLOCK] 2025-04-01 22:10:15 HTTPS err.ifengcloud.ifeng.com
[BLOCK] 2025-04-01 22:10:16 HTTPS err.ifengcloud.ifeng.com
[BLOCK] 2025-04-01 22:10:16 HTTPS err.ifengcloud.ifeng.com
[BLOCK] 2025-04-01 22:10:16 HTTPS shankapi.ifeng.com
[BLOCK] 2025-04-01 22:10:16 HTTPS err.ifengcloud.ifeng.com
[BLOCK] 2025-04-01 22:10:17 HTTPS err.ifengcloud.ifeng.com
[BLOCK] 2025-04-01 22:10:18 HTTPS err.ifengcloud.ifeng.com
[BLOCK] 2025-04-01 22:10:19 HTTPS stadig.ifeng.com
[BLOCK] 2025-04-01 22:10:19 HTTPS stadig.ifeng.com
[BLOCK] 2025-04-01 22:10:19 HTTPS shankapi.ifeng.com
[BLOCK] 2025-04-01 22:10:19 HTTPS shankapi.ifeng.com
[BLOCK] 2025-04-01 22:10:19 HTTPS stadig.ifeng.com
[BLOCK] 2025-04-01 22:10:20 HTTPS shankapi.ifeng.com
[BLOCK] 2025-04-01 22:10:20 HTTPS stadig.ifeng.com
[BLOCK] 2025-04-01 22:10:20 HTTPS err.ifengcloud.ifeng.com
[BLOCK] 2025-04-01 22:10:20 HTTPS shankapi.ifeng.com
[BLOCK] 2025-04-01 22:10:20 HTTPS err.ifengcloud.ifeng.com
[BLOCK] 2025-04-01 22:10:21 HTTPS shankapi.ifeng.com
[BLOCK] 2025-04-01 22:10:21 HTTPS stadig.ifeng.com
[BLOCK] 2025-04-01 22:10:21 HTTPS stadig.ifeng.com
[BLOCK] 2025-04-01 22:10:21 HTTPS stadig.ifeng.com
[BLOCK] 2025-04-01 22:10:21 HTTPS shankapi.ifeng.com
[BLOCK] 2025-04-01 22:10:22 HTTPS stadig.ifeng.com
[BLOCK] 2025-04-01 22:10:22 HTTPS stadig.ifeng.com
[BLOCK] 2025-04-01 22:10:23 HTTPS stadig.ifeng.com
[BLOCK] 2025-04-01 22:10:23 HTTPS stadig.ifeng.com
[BLOCK] 2025-04-01 22:10:23 HTTPS stadig.ifeng.com
[BLOCK] 2025-04-01 22:10:24 HTTPS stadig.ifeng.com
[BLOCK] 2025-04-01 22:10:24 HTTPS stadig.ifeng.com
[BLOCK] 2025-04-01 22:10:24 HTTPS shankapi.ifeng.com
[BLOCK] 2025-04-01 22:10:24 HTTPS stadig.ifeng.com
[BLOCK] 2025-04-01 22:10:24 HTTPS stadig.ifeng.com
[BLOCK] 2025-04-01 22:10:24 HTTPS stadig.ifeng.com
[BLOCK] 2025-04-01 22:10:24 HTTPS stadig.ifeng.com
[BLOCK] 2025-04-01 22:10:25 HTTPS stadig.ifeng.com
[BLOCK] 2025-04-01 22:10:25 HTTPS err.ifengcloud.ifeng.com
[BLOCK] 2025-04-01 22:10:26 HTTPS stadig.ifeng.com
[BLOCK] 2025-04-01 22:10:26 HTTPS stadig.ifeng.com
[BLOCK] 2025-04-01 22:10:26 HTTPS stadig.ifeng.com
[BLOCK] 2025-04-01 22:10:26 HTTPS shankapi.ifeng.com
[BLOCK] 2025-04-01 22:10:26 HTTPS shankapi.ifeng.com
[BLOCK] 2025-04-01 22:10:27 HTTPS shankapi.ifeng.com
[BLOCK] 2025-04-01 22:10:27 HTTPS shankapi.ifeng.com
[BLOCK] 2025-04-01 22:10:28 HTTPS stadig.ifeng.com
[BLOCK] 2025-04-01 22:10:28 HTTPS stadig.ifeng.com
[BLOCK] 2025-04-01 22:10:29 HTTPS stadig.ifeng.com
[BLOCK] 2025-04-01 22:10:29 HTTPS shankapi.ifeng.com
[BLOCK] 2025-04-01 22:10:29 HTTPS shankapi.ifeng.com
[BLOCK] 2025-04-01 22:10:29 HTTPS shankapi.ifeng.com
[BLOCK] 2025-04-01 22:10:29 HTTPS shankapi.ifeng.com
[BLOCK] 2025-04-01 22:10:30 HTTPS shankapi.ifeng.com
[BLOCK] 2025-04-01 22:10:30 HTTPS shankapi.ifeng.com
[BLOCK] 2025-04-01 22:10:31 HTTPS stadig.ifeng.com
[BLOCK] 2025-04-01 22:10:31 HTTPS shankapi.ifeng.com
[BLOCK] 2025-04-01 22:10:31 HTTPS shankapi.ifeng.com
[BLOCK] 2025-04-01 22:10:33 HTTPS stadig.ifeng.com
[BLOCK] 2025-04-01 22:10:33 HTTPS stadig.ifeng.com
[BLOCK] 2025-04-01 22:10:34 HTTPS shankapi.ifeng.com
[BLOCK] 2025-04-01 22:10:34 HTTPS shankapi.ifeng.com
[BLOCK] 2025-04-01 22:10:34 HTTPS shankapi.ifeng.com
[BLOCK] 2025-04-01 22:10:35 HTTPS shankapi.ifeng.com
[BLOCK] 2025-04-01 22:10:35 HTTPS shankapi.ifeng.com
[BLOCK] 2025-04-01 22:10:36 HTTPS shankapi.ifeng.com
[BLOCK] 2025-04-01 22:10:36 HTTPS shankapi.ifeng.com
[BLOCK] 2025-04-01 22:10:39 HTTPS shankapi.ifeng.com
[BLOCK] 2025-04-01 22:10:39 HTTPS shankapi.ifeng.com
[BLOCK] 2025-04-01 22:10:44 HTTPS shankapi.ifeng.com
[BLOCK] 2025-04-01 22:10:44 HTTPS shankapi.ifeng.com
[BLOCK] 2025-04-01 22:10:44 HTTPS shankapi.ifeng.com
[BLOCK] 2025-04-01 22:10:45 HTTPS shankapi.ifeng.com
[BLOCK] 2025-04-01 22:10:45 HTTPS shankapi.ifeng.com
[BLOCK] 2025-04-01 22:10:46 HTTPS shankapi.ifeng.com
[BLOCK] 2025-04-01 22:10:49 HTTPS shankapi.ifeng.com
[BLOCK] 2025-04-01 22:10:54 HTTPS shankapi.ifeng.com
[BLOCK] 2025-04-01 22:11:19 HTTPS shankapi.ifeng.com
[BLOCK] 2025-04-01 22:11:19 HTTPS shankapi.ifeng.com
[BLOCK] 2025-04-01 22:11:20 HTTPS shankapi.ifeng.com
[BLOCK] 2025-04-01 22:11:20 HTTPS shankapi.ifeng.com
[BLOCK] 2025-04-01 22:11:21 HTTPS shankapi.ifeng.com
[BLOCK] 2025-04-01 22:11:24 HTTPS shankapi.ifeng.com
[BLOCK] 2025-04-01 22:11:29 HTTPS shankapi.ifeng.com
[BLOCK] 2025-04-01 22:12:26 HTTPS err.ifengcloud.ifeng.com
[BLOCK] 2025-04-01 22:12:26 HTTPS err.ifengcloud.ifeng.com
[BLOCK] 2025-04-01 22:12:27 HTTPS err.ifengcloud.ifeng.com
[BLOCK] 2025-04-01 22:12:27 HTTPS err.ifengcloud.ifeng.com
[BLOCK] 2025-04-01 22:12:29 HTTPS err.ifengcloud.ifeng.com
[BLOCK] 2025-04-01 22:12:31 HTTPS err.ifengcloud.ifeng.com
[BLOCK] 2025-04-01 22:12:34 HTTPS err.ifengcloud.ifeng.com
[BLOCK] 2025-04-01 22:12:34 HTTPS err.ifengcloud.ifeng.com
[BLOCK] 2025-04-01 22:12:34 HTTPS err.ifengcloud.ifeng.com
[BLOCK] 2025-04-01 22:12:35 HTTPS err.ifengcloud.ifeng.com
[BLOCK] 2025-04-01 22:12:36 HTTPS err.ifengcloud.ifeng.com
[BLOCK] 2025-04-01 22:12:36 HTTPS err.ifengcloud.ifeng.com
[BLOCK] 2025-04-01 22:12:37 HTTPS shankapi.ifeng.com
[BLOCK] 2025-04-01 22:12:37 HTTPS shankapi.ifeng.com
[BLOCK] 2025-04-01 22:12:37 HTTPS shankapi.ifeng.com
[BLOCK] 2025-04-01 22:12:38 HTTPS shankapi.ifeng.com
[BLOCK] 2025-04-01 22:12:38 HTTPS err.ifengcloud.ifeng.com
[BLOCK] 2025-04-01 22:12:39 HTTPS shankapi.ifeng.com
[BLOCK] 2025-04-01 22:12:42 HTTPS shankapi.ifeng.com
[BLOCK] 2025-04-01 22:12:43 HTTPS err.ifengcloud.ifeng.com
[BLOCK] 2025-04-01 22:12:46 HTTPS shankapi.ifeng.com
[BLOCK] 2025-04-01 22:13:27 HTTPS shankapi.ifeng.com
[BLOCK] 2025-04-01 22:13:27 HTTPS shankapi.ifeng.com
[BLOCK] 2025-04-01 22:13:27 HTTPS shankapi.ifeng.com
[BLOCK] 2025-04-01 22:13:28 HTTPS shankapi.ifeng.com
[BLOCK] 2025-04-01 22:13:29 HTTPS shankapi.ifeng.com
[BLOCK] 2025-04-01 22:13:32 HTTPS shankapi.ifeng.com
[BLOCK] 2025-04-01 22:13:36 HTTPS shankapi.ifeng.com
[BLOCK] 2025-04-01 22:13:42 HTTPS shankapi.ifeng.com
[BLOCK] 2025-04-01 22:13:42 HTTPS shankapi.ifeng.com
[BLOCK] 2025-04-01 22:13:42 HTTPS shankapi.ifeng.com
[BLOCK] 2025-04-01 22:13:43 HTTPS shankapi.ifeng.com
[BLOCK] 2025-04-01 22:13:44 HTTPS shankapi.ifeng.com
[BLOCK] 2025-04-01 22:13:47 HTTPS shankapi.ifeng.com
[BLOCK] 2025-04-01 22:13:51 HTTPS shankapi.ifeng.com
[BLOCK] 2025-04-01 22:14:27 HTTPS shankapi.ifeng.com
[BLOCK] 2025-04-01 22:14:27 HTTPS shankapi.ifeng.com
[BLOCK] 2025-04-01 22:14:27 HTTPS shankapi.ifeng.com
[BLOCK] 2025-04-01 22:14:28 HTTPS shankapi.ifeng.com
[BLOCK] 2025-04-01 22:14:29 HTTPS shankapi.ifeng.com
[BLOCK] 2025-04-01 22:14:32 HTTPS shankapi.ifeng.com
[BLOCK] 2025-04-01 22:33:58 HTTPS www.ifeng.com
[BLOCK] 2025-04-01 22:33:58 HTTPS www.ifeng.com
[BLOCK] 2025-04-01 22:33:58 HTTPS www.ifeng.com
[BLOCK] 2025-04-01 22:33:58 HTTPS stadig.ifeng.com
[BLOCK] 2025-04-01 22:33:58 HTTPS www.ifeng.com
[BLOCK] 2025-04-01 22:33:58 HTTPS stadig.ifeng.com
[BLOCK] 2025-04-01 22:33:58 HTTPS www.ifeng.com
[BLOCK] 2025-04-01 22:33:58 HTTPS www.ifeng.com
[BLOCK] 2025-04-01 22:33:58 HTTPS stadig.ifeng.com
[BLOCK] 2025-04-01 22:33:59 HTTPS www.ifeng.com
[BLOCK] 2025-04-01 22:33:59 HTTPS www.ifeng.com
[BLOCK] 2025-04-01 22:33:59 HTTPS stadig.ifeng.com
[BLOCK] 2025-04-01 22:34:00 HTTPS stadig.ifeng.com
[BLOCK] 2025-04-01 22:34:00 HTTPS stadig.ifeng.com
[BLOCK] 2025-04-01 22:34:00 HTTPS www.ifeng.com
[BLOCK] 2025-04-01 22:34:00 HTTPS www.ifeng.com
[BLOCK] 2025-04-01 22:34:00 HTTPS stadig.ifeng.com
[BLOCK] 2025-04-01 22:34:00 HTTPS stadig.ifeng.com
[BLOCK] 2025-04-01 22:34:01 HTTPS stadig.ifeng.com
[BLOCK] 2025-04-01 22:34:02 HTTPS stadig.ifeng.com
[BLOCK] 2025-04-01 22:34:02 HTTPS www.ifeng.com
[BLOCK] 2025-04-01 22:34:02 HTTPS www.ifeng.com
[BLOCK] 2025-04-01 22:34:02 HTTPS stadig.ifeng.com
[BLOCK] 2025-04-01 22:34:04 HTTPS stadig.ifeng.com
[BLOCK] 2025-04-01 22:34:07 HTTPS www.ifeng.com
[BLOCK] 2025-04-01 22:34:07 HTTPS www.ifeng.com
[BLOCK] 2025-04-01 22:34:07 HTTPS stadig.ifeng.com
[BLOCK] 2025-04-01 22:34:09 HTTPS stadig.ifeng.com
[BLOCK] 2025-04-01 22:34:13 HTTPS www.ifeng.com
[BLOCK] 2025-04-01 22:34:13 HTTPS www.ifeng.com
[BLOCK] 2025-04-01 22:34:13 HTTPS www.ifeng.com
[BLOCK] 2025-04-01 22:34:13 HTTPS www.ifeng.com
[BLOCK] 2025-04-01 22:34:13 HTTPS www.ifeng.com
[BLOCK] 2025-04-01 22:34:13 HTTPS www.ifeng.com
[BLOCK] 2025-04-01 22:34:14 HTTPS www.ifeng.com
[BLOCK] 2025-04-01 22:34:14 HTTPS www.ifeng.com
[BLOCK] 2025-04-01 22:34:15 HTTPS www.ifeng.com
[BLOCK] 2025-04-01 22:34:15 HTTPS www.ifeng.com
[BLOCK] 2025-04-01 22:34:17 HTTPS www.ifeng.com
[BLOCK] 2025-04-01 22:34:17 HTTPS www.ifeng.com
[BLOCK] 2025-04-01 22:34:19 HTTPS stadig.ifeng.com
[BLOCK] 2025-04-01 22:34:19 HTTPS stadig.ifeng.com
[BLOCK] 2025-04-01 22:34:19 HTTPS stadig.ifeng.com
[BLOCK] 2025-04-01 22:34:20 HTTPS stadig.ifeng.com
[BLOCK] 2025-04-01 22:34:21 HTTPS stadig.ifeng.com
[BLOCK] 2025-04-01 22:34:22 HTTPS www.ifeng.com
[BLOCK] 2025-04-01 22:34:22 HTTPS www.ifeng.com
[BLOCK] 2025-04-01 22:34:23 HTTPS stadig.ifeng.com
[BLOCK] 2025-04-01 22:34:28 HTTPS stadig.ifeng.com
[BLOCK] 2025-04-01 22:34:29 HTTPS www.ifeng.com
[BLOCK] 2025-04-01 22:34:29 HTTPS www.ifeng.com
[BLOCK] 2025-04-01 22:34:29 HTTPS www.ifeng.com
[BLOCK] 2025-04-01 22:34:29 HTTPS www.ifeng.com
[BLOCK] 2025-04-01 22:34:29 HTTPS www.ifeng.com
[BLOCK] 2025-04-01 22:34:29 HTTPS www.ifeng.com
[BLOCK] 2025-04-01 22:34:30 HTTPS www.ifeng.com
[BLOCK] 2025-04-01 22:34:30 HTTPS www.ifeng.com
[BLOCK] 2025-04-01 22:34:31 HTTPS www.ifeng.com
[BLOCK] 2025-04-01 22:34:31 HTTPS www.ifeng.com
[BLOCK] 2025-04-01 22:34:34 HTTPS www.ifeng.com
[BLOCK] 2025-04-01 22:34:34 HTTPS www.ifeng.com
[BLOCK] 2025-04-01 22:34:38 HTTPS www.ifeng.com
[BLOCK] 2025-04-01 22:34:38 HTTPS www.ifeng.com
[BLOCK] 2025-04-01 22:34:44 HTTPS www.ifeng.com
[BLOCK] 2025-04-01 22:34:44 HTTPS www.ifeng.com
[BLOCK] 2025-04-01 22:34:44 HTTPS www.ifeng.com
[BLOCK] 2025-04-01 22:34:45 HTTPS err.ifengcloud.ifeng.com
[BLOCK] 2025-04-01 22:34:45 HTTPS err.ifengcloud.ifeng.com
[BLOCK] 2025-04-01 22:34:45 HTTPS err.ifengcloud.ifeng.com
[BLOCK] 2025-04-01 22:34:45 HTTPS www.ifeng.com
[BLOCK] 2025-04-01 22:34:45 HTTPS shankapi.ifeng.com
[BLOCK] 2025-04-01 22:34:45 HTTPS shankapi.ifeng.com
[BLOCK] 2025-04-01 22:34:45 HTTPS ax.ifeng.com
[BLOCK] 2025-04-01 22:34:45 HTTPS ax.ifeng.com
[BLOCK] 2025-04-01 22:34:45 HTTPS err.ifengcloud.ifeng.com
[BLOCK] 2025-04-01 22:34:46 HTTPS shankapi.ifeng.com
[BLOCK] 2025-04-01 22:34:46 HTTPS ax.ifeng.com
[BLOCK] 2025-04-01 22:34:46 HTTPS ax.ifeng.com
[BLOCK] 2025-04-01 22:34:46 HTTPS ax.ifeng.com
[BLOCK] 2025-04-01 22:34:46 HTTPS ax.ifeng.com
[BLOCK] 2025-04-01 22:34:46 HTTPS ax.ifeng.com
[BLOCK] 2025-04-01 22:34:46 HTTPS ax.ifeng.com
[BLOCK] 2025-04-01 22:34:46 HTTPS ax.ifeng.com
[BLOCK] 2025-04-01 22:34:46 HTTPS ax.ifeng.com
[BLOCK] 2025-04-01 22:34:46 HTTPS ax.ifeng.com
[BLOCK] 2025-04-01 22:34:46 HTTPS ax.ifeng.com
[BLOCK] 2025-04-01 22:34:46 HTTPS www.ifeng.com
[BLOCK] 2025-04-01 22:34:46 HTTPS shankapi.ifeng.com
[BLOCK] 2025-04-01 22:34:46 HTTPS ax.ifeng.com
[BLOCK] 2025-04-01 22:34:47 HTTPS ax.ifeng.com
[BLOCK] 2025-04-01 22:34:47 HTTPS ax.ifeng.com
[BLOCK] 2025-04-01 22:34:47 HTTPS ax.ifeng.com
[BLOCK] 2025-04-01 22:34:47 HTTPS err.ifengcloud.ifeng.com
[BLOCK] 2025-04-01 22:34:47 HTTPS shankapi.ifeng.com
[BLOCK] 2025-04-01 22:34:48 HTTPS ax.ifeng.com
[BLOCK] 2025-04-01 22:34:48 HTTPS ax.ifeng.com
[BLOCK] 2025-04-01 22:34:48 HTTPS ax.ifeng.com
[BLOCK] 2025-04-01 22:34:48 HTTPS ax.ifeng.com
[BLOCK] 2025-04-01 22:34:49 HTTPS www.ifeng.com
[BLOCK] 2025-04-01 22:34:49 HTTPS err.ifengcloud.ifeng.com
[BLOCK] 2025-04-01 22:34:50 HTTPS shankapi.ifeng.com
[BLOCK] 2025-04-01 22:34:50 HTTPS ax.ifeng.com
[BLOCK] 2025-04-01 22:34:50 HTTPS ax.ifeng.com
[BLOCK] 2025-04-01 22:34:50 HTTPS ax.ifeng.com
[BLOCK] 2025-04-01 22:34:50 HTTPS ax.ifeng.com
[BLOCK] 2025-04-01 22:34:52 HTTPS err.ifengcloud.ifeng.com
[BLOCK] 2025-04-01 22:34:52 HTTPS err.ifengcloud.ifeng.com
[BLOCK] 2025-04-01 22:34:52 HTTPS err.ifengcloud.ifeng.com
[BLOCK] 2025-04-01 22:34:53 HTTPS err.ifengcloud.ifeng.com
[BLOCK] 2025-04-01 22:34:53 HTTPS www.ifeng.com
[BLOCK] 2025-04-01 22:34:54 HTTPS err.ifengcloud.ifeng.com
[BLOCK] 2025-04-01 22:34:54 HTTPS err.ifengcloud.ifeng.com
[BLOCK] 2025-04-01 22:34:55 HTTPS shankapi.ifeng.com
[BLOCK] 2025-04-01 22:34:55 HTTPS ax.ifeng.com
[BLOCK] 2025-04-01 22:34:55 HTTPS ax.ifeng.com
[BLOCK] 2025-04-01 22:34:55 HTTPS ax.ifeng.com
[BLOCK] 2025-04-01 22:34:55 HTTPS ax.ifeng.com
[BLOCK] 2025-04-01 22:34:55 HTTPS shankapi.ifeng.com
[BLOCK] 2025-04-01 22:34:55 HTTPS shankapi.ifeng.com
[BLOCK] 2025-04-01 22:34:56 HTTPS shankapi.ifeng.com
[BLOCK] 2025-04-01 22:34:56 HTTPS shankapi.ifeng.com
[BLOCK] 2025-04-01 22:34:57 HTTPS err.ifengcloud.ifeng.com
[BLOCK] 2025-04-01 22:34:58 HTTPS shankapi.ifeng.com
[BLOCK] 2025-04-01 22:35:00 HTTPS shankapi.ifeng.com
[BLOCK] 2025-04-01 22:35:01 HTTPS err.ifengcloud.ifeng.com
[BLOCK] 2025-04-01 22:35:05 HTTPS shankapi.ifeng.com
[BLOCK] 2025-04-01 22:35:10 HTTPS shankapi.ifeng.com
[BLOCK] 2025-04-01 22:35:10 HTTPS shankapi.ifeng.com
[BLOCK] 2025-04-01 22:35:11 HTTPS shankapi.ifeng.com
[BLOCK] 2025-04-01 22:35:11 HTTPS shankapi.ifeng.com
[BLOCK] 2025-04-01 22:35:13 HTTPS shankapi.ifeng.com
[BLOCK] 2025-04-01 22:35:15 HTTPS shankapi.ifeng.com
[BLOCK] 2025-04-01 22:35:20 HTTPS shankapi.ifeng.com
[BLOCK] 2025-04-01 22:35:35 HTTPS shankapi.ifeng.com
[BLOCK] 2025-04-01 22:35:35 HTTPS shankapi.ifeng.com
[BLOCK] 2025-04-01 22:35:36 HTTPS shankapi.ifeng.com
[BLOCK] 2025-04-01 22:35:36 HTTPS shankapi.ifeng.com
[BLOCK] 2025-04-01 22:35:38 HTTPS shankapi.ifeng.com
[BLOCK] 2025-04-01 22:35:40 HTTPS shankapi.ifeng.com
[BLOCK] 2025-04-01 22:35:45 HTTPS shankapi.ifeng.com
[BLOCK] 2025-04-01 22:35:45 HTTPS shankapi.ifeng.com
[BLOCK] 2025-04-01 22:35:45 HTTPS shankapi.ifeng.com
[BLOCK] 2025-04-01 22:35:46 HTTPS shankapi.ifeng.com
[BLOCK] 2025-04-01 22:35:46 HTTPS shankapi.ifeng.com
[BLOCK] 2025-04-01 22:35:48 HTTPS shankapi.ifeng.com
[BLOCK] 2025-04-01 22:35:50 HTTPS shankapi.ifeng.com
[BLOCK] 2025-04-01 22:35:55 HTTPS shankapi.ifeng.com
[BLOCK] 2025-04-01 22:36:45 HTTPS shankapi.ifeng.com
[BLOCK] 2025-04-01 22:36:45 HTTPS shankapi.ifeng.com
[BLOCK] 2025-04-01 22:36:46 HTTPS shankapi.ifeng.com
[BLOCK] 2025-04-01 22:36:46 HTTPS shankapi.ifeng.com
[BLOCK] 2025-04-01 22:36:47 HTTPS shankapi.ifeng.com
[BLOCK] 2025-04-01 22:36:50 HTTPS shankapi.ifeng.com
[BLOCK] 2025-04-01 22:36:55 HTTPS shankapi.ifeng.com
[BLOCK] 2025-04-01 22:37:00 HTTPS shankapi.ifeng.com
[BLOCK] 2025-04-01 22:37:00 HTTPS shankapi.ifeng.com
[BLOCK] 2025-04-01 22:37:01 HTTPS shankapi.ifeng.com
[BLOCK] 2025-04-01 22:37:01 HTTPS shankapi.ifeng.com
[BLOCK] 2025-04-01 22:37:03 HTTPS shankapi.ifeng.com
[BLOCK] 2025-04-01 22:37:05 HTTPS shankapi.ifeng.com
[BLOCK] 2025-04-01 22:37:10 HTTPS shankapi.ifeng.com
[BLOCK] 2025-04-01 22:37:45 HTTPS shankapi.ifeng.com
[BLOCK] 2025-04-01 22:37:45 HTTPS shankapi.ifeng.com
[BLOCK] 2025-04-01 22:37:46 HTTPS shankapi.ifeng.com
[BLOCK] 2025-04-01 22:37:46 HTTPS shankapi.ifeng.com
[BLOCK] 2025-04-01 22:37:47 HTTPS shankapi.ifeng.com
[BLOCK] 2025-04-01 22:37:50 HTTPS shankapi.ifeng.com
[BLOCK] 2025-04-01 22:37:55 HTTPS shankapi.ifeng.com
[BLOCK] 2025-04-01 22:38:00 HTTPS shankapi.ifeng.com
[BLOCK] 2025-04-01 22:38:00 HTTPS shankapi.ifeng.com
[BLOCK] 2025-04-01 22:38:01 HTTPS shankapi.ifeng.com
[BLOCK] 2025-04-01 22:38:01 HTTPS shankapi.ifeng.com
[BLOCK] 2025-04-01 22:38:03 HTTPS shankapi.ifeng.com
[BLOCK] 2025-04-01 22:38:05 HTTPS shankapi.ifeng.com
[BLOCK] 2025-04-01 22:38:10 HTTPS shankapi.ifeng.com
[BLOCK] 2025-04-01 22:38:16 HTTPS shankapi.ifeng.com
[BLOCK] 2025-04-01 22:38:16 HTTPS shankapi.ifeng.com
[BLOCK] 2025-04-01 22:38:16 HTTPS shankapi.ifeng.com
[BLOCK] 2025-04-01 22:38:17 HTTPS shankapi.ifeng.com
[BLOCK] 2025-04-01 22:38:18 HTTPS shankapi.ifeng.com
[BLOCK] 2025-04-01 22:38:21 HTTPS shankapi.ifeng.com
[BLOCK] 2025-04-01 22:38:26 HTTPS shankapi.ifeng.com
[BLOCK] 2025-04-01 22:38:31 HTTPS shankapi.ifeng.com
[BLOCK] 2025-04-01 22:38:31 HTTPS shankapi.ifeng.com
[BLOCK] 2025-04-01 22:38:32 HTTPS shankapi.ifeng.com
[BLOCK] 2025-04-01 22:38:32 HTTPS shankapi.ifeng.com
[BLOCK] 2025-04-01 22:38:33 HTTPS shankapi.ifeng.com
[BLOCK] 2025-04-01 22:38:36 HTTPS shankapi.ifeng.com
[BLOCK] 2025-04-01 22:38:41 HTTPS shankapi.ifeng.com
[BLOCK] 2025-04-01 22:38:46 HTTPS shankapi.ifeng.com
[BLOCK] 2025-04-01 22:38:46 HTTPS shankapi.ifeng.com
[BLOCK] 2025-04-01 22:38:46 HTTPS shankapi.ifeng.com
[BLOCK] 2025-04-01 22:38:47 HTTPS shankapi.ifeng.com
[BLOCK] 2025-04-01 22:38:48 HTTPS shankapi.ifeng.com
[BLOCK] 2025-04-01 22:38:51 HTTPS shankapi.ifeng.com
[BLOCK] 2025-04-01 22:38:56 HTTPS shankapi.ifeng.com
[BLOCK] 2025-04-01 22:39:01 HTTPS shankapi.ifeng.com
[BLOCK] 2025-04-01 22:39:01 HTTPS shankapi.ifeng.com
[BLOCK] 2025-04-01 22:39:02 HTTPS shankapi.ifeng.com
[BLOCK] 2025-04-01 22:39:02 HTTPS shankapi.ifeng.com
[BLOCK] 2025-04-01 22:39:03 HTTPS shankapi.ifeng.com
[BLOCK] 2025-04-01 22:39:06 HTTPS shankapi.ifeng.com
[BLOCK] 2025-04-01 22:39:11 HTTPS shankapi.ifeng.com
[BLOCK] 2025-04-01 22:39:46 HTTPS shankapi.ifeng.com
[BLOCK] 2025-04-01 22:39:46 HTTPS shankapi.ifeng.com
[BLOCK] 2025-04-01 22:39:46 HTTPS shankapi.ifeng.com
[BLOCK] 2025-04-01 22:39:47 HTTPS shankapi.ifeng.com
[BLOCK] 2025-04-01 22:39:48 HTTPS shankapi.ifeng.com
[BLOCK] 2025-04-01 22:39:51 HTTPS shankapi.ifeng.com
[BLOCK] 2025-04-01 22:39:56 HTTPS shankapi.ifeng.com
[BLOCK] 2025-04-01 22:40:46 HTTPS www.ifeng.com
[BLOCK] 2025-04-01 22:40:46 HTTPS www.ifeng.com
[BLOCK] 2025-04-01 22:40:46 HTTPS www.ifeng.com
[BLOCK] 2025-04-01 22:40:46 HTTPS www.ifeng.com
[BLOCK] 2025-04-01 22:40:46 HTTPS www.ifeng.com
[BLOCK] 2025-04-01 22:40:46 HTTPS www.ifeng.com
[BLOCK] 2025-04-01 22:40:47 HTTPS www.ifeng.com
[BLOCK] 2025-04-01 22:40:47 HTTPS www.ifeng.com
[BLOCK] 2025-04-01 22:40:48 HTTPS www.ifeng.com
[BLOCK] 2025-04-01 22:40:48 HTTPS www.ifeng.com
[BLOCK] 2025-04-01 22:40:50 HTTPS www.ifeng.com
[BLOCK] 2025-04-01 22:40:50 HTTPS www.ifeng.com
[BLOCK] 2025-04-01 22:40:55 HTTPS www.ifeng.com
[BLOCK] 2025-04-01 22:40:55 HTTPS www.ifeng.com
[BLOCK] 2025-04-01 22:41:01 HTTPS www.ifeng.com
[BLOCK] 2025-04-01 22:41:01 HTTPS www.ifeng.com
[BLOCK] 2025-04-01 22:41:01 HTTPS www.ifeng.com
[BLOCK] 2025-04-01 22:41:01 HTTPS www.ifeng.com
[BLOCK] 2025-04-01 22:41:01 HTTPS www.ifeng.com
[BLOCK] 2025-04-01 22:41:01 HTTPS www.ifeng.com
[BLOCK] 2025-04-01 22:41:02 HTTPS www.ifeng.com
[BLOCK] 2025-04-01 22:41:02 HTTPS www.ifeng.com
[BLOCK] 2025-04-01 22:41:03 HTTPS www.ifeng.com
[BLOCK] 2025-04-01 22:41:03 HTTPS www.ifeng.com
[BLOCK] 2025-04-01 22:41:05 HTTPS www.ifeng.com
[BLOCK] 2025-04-01 22:41:05 HTTPS www.ifeng.com
[BLOCK] 2025-04-01 22:41:10 HTTPS www.ifeng.com
[BLOCK] 2025-04-01 22:41:10 HTTPS www.ifeng.com
[BLOCK] 2025-04-01 22:41:17 HTTPS www.ifeng.com
[BLOCK] 2025-04-01 22:41:17 HTTPS www.ifeng.com
[BLOCK] 2025-04-01 22:41:17 HTTPS www.ifeng.com
[BLOCK] 2025-04-01 22:41:18 HTTPS www.ifeng.com
[BLOCK] 2025-04-01 22:41:18 HTTPS console.zhibo.ifeng.com
[BLOCK] 2025-04-01 22:41:18 HTTPS console.zhibo.ifeng.com
[BLOCK] 2025-04-01 22:41:18 HTTPS ax.ifeng.com
[BLOCK] 2025-04-01 22:41:18 HTTPS ax.ifeng.com
[BLOCK] 2025-04-01 22:41:18 HTTPS console.zhibo.ifeng.com
[BLOCK] 2025-04-01 22:41:19 HTTPS ax.ifeng.com
[BLOCK] 2025-04-01 22:41:19 HTTPS ax.ifeng.com
[BLOCK] 2025-04-01 22:41:19 HTTPS ax.ifeng.com
[BLOCK] 2025-04-01 22:41:19 HTTPS ax.ifeng.com
[BLOCK] 2025-04-01 22:41:19 HTTPS ax.ifeng.com
[BLOCK] 2025-04-01 22:41:19 HTTPS ax.ifeng.com
[BLOCK] 2025-04-01 22:41:19 HTTPS ax.ifeng.com
[BLOCK] 2025-04-01 22:41:19 HTTPS ax.ifeng.com
[BLOCK] 2025-04-01 22:41:19 HTTPS ax.ifeng.com
[BLOCK] 2025-04-01 22:41:19 HTTPS ax.ifeng.com
[BLOCK] 2025-04-01 22:41:19 HTTPS console.zhibo.ifeng.com
[BLOCK] 2025-04-01 22:41:19 HTTPS www.ifeng.com
[BLOCK] 2025-04-01 22:41:19 HTTPS ax.ifeng.com
[BLOCK] 2025-04-01 22:41:20 HTTPS ax.ifeng.com
[BLOCK] 2025-04-01 22:41:20 HTTPS ax.ifeng.com
[BLOCK] 2025-04-01 22:41:20 HTTPS ax.ifeng.com
[BLOCK] 2025-04-01 22:41:20 HTTPS console.zhibo.ifeng.com
[BLOCK] 2025-04-01 22:41:20 HTTPS ax.ifeng.com
[BLOCK] 2025-04-01 22:41:21 HTTPS ax.ifeng.com
[BLOCK] 2025-04-01 22:41:21 HTTPS ax.ifeng.com
[BLOCK] 2025-04-01 22:41:21 HTTPS ax.ifeng.com
[BLOCK] 2025-04-01 22:41:22 HTTPS www.ifeng.com
[BLOCK] 2025-04-01 22:41:23 HTTPS console.zhibo.ifeng.com
[BLOCK] 2025-04-01 22:41:23 HTTPS ax.ifeng.com
[BLOCK] 2025-04-01 22:41:23 HTTPS ax.ifeng.com
[BLOCK] 2025-04-01 22:41:23 HTTPS ax.ifeng.com
[BLOCK] 2025-04-01 22:41:23 HTTPS ax.ifeng.com
[BLOCK] 2025-04-01 22:41:26 HTTPS www.ifeng.com
[BLOCK] 2025-04-01 22:41:27 HTTPS console.zhibo.ifeng.com
[BLOCK] 2025-04-01 22:41:28 HTTPS ax.ifeng.com
[BLOCK] 2025-04-01 22:41:28 HTTPS ax.ifeng.com
[BLOCK] 2025-04-01 22:41:28 HTTPS ax.ifeng.com
[BLOCK] 2025-04-01 22:41:28 HTTPS ax.ifeng.com
[BLOCK] 2025-04-01 22:41:32 HTTPS www.ifeng.com
[BLOCK] 2025-04-01 22:41:32 HTTPS www.ifeng.com
[BLOCK] 2025-04-01 22:41:32 HTTPS www.ifeng.com
[BLOCK] 2025-04-01 22:41:33 HTTPS www.ifeng.com
[BLOCK] 2025-04-01 22:41:34 HTTPS www.ifeng.com
[BLOCK] 2025-04-01 22:41:37 HTTPS www.ifeng.com
[BLOCK] 2025-04-01 22:41:37 HTTPS console.zhibo.ifeng.com
[BLOCK] 2025-04-01 22:41:37 HTTPS console.zhibo.ifeng.com
[BLOCK] 2025-04-01 22:41:37 HTTPS console.zhibo.ifeng.com
[BLOCK] 2025-04-01 22:41:38 HTTPS console.zhibo.ifeng.com
[BLOCK] 2025-04-01 22:41:39 HTTPS console.zhibo.ifeng.com
[BLOCK] 2025-04-01 22:41:41 HTTPS www.ifeng.com
[BLOCK] 2025-04-01 22:41:42 HTTPS console.zhibo.ifeng.com
[BLOCK] 2025-04-01 22:41:47 HTTPS console.zhibo.ifeng.com
[BLOCK] 2025-04-01 22:41:58 HTTPS shankapi.ifeng.com
[BLOCK] 2025-04-01 22:41:58 HTTPS shankapi.ifeng.com
[BLOCK] 2025-04-01 22:41:59 HTTPS shankapi.ifeng.com
[BLOCK] 2025-04-01 22:41:59 HTTPS shankapi.ifeng.com
[BLOCK] 2025-04-01 22:42:01 HTTPS shankapi.ifeng.com
[BLOCK] 2025-04-01 22:42:03 HTTPS shankapi.ifeng.com
[BLOCK] 2025-04-01 22:42:08 HTTPS shankapi.ifeng.com
[BLOCK] 2025-04-01 22:42:13 HTTPS shankapi.ifeng.com
[BLOCK] 2025-04-01 22:42:13 HTTPS shankapi.ifeng.com
[BLOCK] 2025-04-01 22:42:14 HTTPS shankapi.ifeng.com
[BLOCK] 2025-04-01 22:42:14 HTTPS shankapi.ifeng.com
[BLOCK] 2025-04-01 22:42:16 HTTPS shankapi.ifeng.com
[BLOCK] 2025-04-01 22:42:18 HTTPS shankapi.ifeng.com
[BLOCK] 2025-04-01 22:42:18 HTTPS shankapi.ifeng.com
[BLOCK] 2025-04-01 22:42:18 HTTPS shankapi.ifeng.com
[BLOCK] 2025-04-01 22:42:19 HTTPS shankapi.ifeng.com
[BLOCK] 2025-04-01 22:42:19 HTTPS shankapi.ifeng.com
[BLOCK] 2025-04-01 22:42:20 HTTPS shankapi.ifeng.com
[BLOCK] 2025-04-01 22:42:23 HTTPS shankapi.ifeng.com
[BLOCK] 2025-04-01 22:42:23 HTTPS shankapi.ifeng.com
[BLOCK] 2025-04-01 22:42:28 HTTPS shankapi.ifeng.com
[BLOCK] 2025-04-01 22:42:33 HTTPS shankapi.ifeng.com
[BLOCK] 2025-04-01 22:42:33 HTTPS shankapi.ifeng.com
[BLOCK] 2025-04-01 22:42:34 HTTPS shankapi.ifeng.com
[BLOCK] 2025-04-01 22:42:34 HTTPS shankapi.ifeng.com
[BLOCK] 2025-04-01 22:42:35 HTTPS shankapi.ifeng.com
[BLOCK] 2025-04-01 22:42:38 HTTPS shankapi.ifeng.com
[BLOCK] 2025-04-01 22:42:38 HTTPS shankapi.ifeng.com
[BLOCK] 2025-04-01 22:42:38 HTTPS shankapi.ifeng.com
[BLOCK] 2025-04-01 22:42:39 HTTPS shankapi.ifeng.com
[BLOCK] 2025-04-01 22:42:39 HTTPS shankapi.ifeng.com
[BLOCK] 2025-04-01 22:42:40 HTTPS shankapi.ifeng.com
[BLOCK] 2025-04-01 22:42:43 HTTPS shankapi.ifeng.com
[BLOCK] 2025-04-01 22:42:43 HTTPS shankapi.ifeng.com
[BLOCK] 2025-04-01 22:42:48 HTTPS shankapi.ifeng.com
[BLOCK] 2025-04-01 22:43:18 HTTPS shankapi.ifeng.com
[BLOCK] 2025-04-01 22:43:18 HTTPS shankapi.ifeng.com
[BLOCK] 2025-04-01 22:43:18 HTTPS shankapi.ifeng.com
[BLOCK] 2025-04-01 22:43:18 HTTPS shankapi.ifeng.com
[BLOCK] 2025-04-01 22:43:19 HTTPS shankapi.ifeng.com
[BLOCK] 2025-04-01 22:43:19 HTTPS shankapi.ifeng.com
[BLOCK] 2025-04-01 22:43:19 HTTPS shankapi.ifeng.com
[BLOCK] 2025-04-01 22:43:19 HTTPS shankapi.ifeng.com
[BLOCK] 2025-04-01 22:43:20 HTTPS shankapi.ifeng.com
[BLOCK] 2025-04-01 22:43:20 HTTPS shankapi.ifeng.com
[BLOCK] 2025-04-01 22:43:23 HTTPS shankapi.ifeng.com
[BLOCK] 2025-04-01 22:43:23 HTTPS shankapi.ifeng.com
[BLOCK] 2025-04-01 22:43:28 HTTPS shankapi.ifeng.com
[BLOCK] 2025-04-01 22:43:28 HTTPS shankapi.ifeng.com
[BLOCK] 2025-04-01 22:43:33 HTTPS shankapi.ifeng.com
[BLOCK] 2025-04-01 22:43:33 HTTPS shankapi.ifeng.com
[BLOCK] 2025-04-01 22:43:33 HTTPS shankapi.ifeng.com
[BLOCK] 2025-04-01 22:43:33 HTTPS shankapi.ifeng.com
[BLOCK] 2025-04-01 22:43:34 HTTPS shankapi.ifeng.com
[BLOCK] 2025-04-01 22:43:34 HTTPS shankapi.ifeng.com
[BLOCK] 2025-04-01 22:43:34 HTTPS shankapi.ifeng.com
[BLOCK] 2025-04-01 22:43:34 HTTPS shankapi.ifeng.com
[BLOCK] 2025-04-01 22:44:35 HTTPS err.ifengcloud.ifeng.com
[BLOCK] 2025-04-01 22:50:02 HTTPS stadig.ifeng.com
[BLOCK] 2025-04-01 23:04:13 HTTPS stadig.ifeng.com
[BLOCK] 2025-04-01 23:04:13 HTTPS stadig.ifeng.com
[BLOCK] 2025-04-01 23:04:14 HTTPS stadig.ifeng.com
[BLOCK] 2025-04-01 23:04:28 HTTPS img.ifeng.com
[BLOCK] 2025-04-01 23:04:40 HTTPS console.zhibo.ifeng.com
[BLOCK] 2025-04-01 23:04:40 HTTPS shankapi.ifeng.com
[BLOCK] 2025-04-01 23:04:40 HTTPS shankapi.ifeng.com
[BLOCK] 2025-04-01 23:04:40 HTTPS console.zhibo.ifeng.com
[BLOCK] 2025-04-01 23:04:40 HTTPS ax.ifeng.com
[BLOCK] 2025-04-01 23:04:40 HTTPS shankapi.ifeng.com
[BLOCK] 2025-04-01 23:04:40 HTTPS shankapi.ifeng.com
[BLOCK] 2025-04-01 23:04:40 HTTPS stadig.ifeng.com
[BLOCK] 2025-04-01 23:05:21 HTTPS shankapi.ifeng.com
[BLOCK] 2025-04-01 23:09:48 HTTPS err.ifengcloud.ifeng.com
[BLOCK] 2025-04-01 23:15:52 HTTPS www.ifeng.com
[BLOCK] 2025-04-01 23:15:52 HTTPS www.ifeng.com
[BLOCK] 2025-04-01 23:15:53 HTTPS www.ifeng.com
[BLOCK] 2025-04-01 23:15:53 HTTPS err.ifengcloud.ifeng.com
[BLOCK] 2025-04-01 23:15:53 HTTPS err.ifengcloud.ifeng.com
[BLOCK] 2025-04-01 23:15:53 HTTPS err.ifengcloud.ifeng.com
[BLOCK] 2025-04-01 23:15:53 HTTPS www.ifeng.com
[BLOCK] 2025-04-01 23:15:54 HTTPS shankapi.ifeng.com
[BLOCK] 2025-04-01 23:15:54 HTTPS shankapi.ifeng.com
[BLOCK] 2025-04-01 23:15:54 HTTPS err.ifengcloud.ifeng.com
[BLOCK] 2025-04-01 23:15:54 HTTPS shankapi.ifeng.com
[BLOCK] 2025-04-01 23:15:54 HTTPS www.ifeng.com
[BLOCK] 2025-04-01 23:15:55 HTTPS shankapi.ifeng.com
[BLOCK] 2025-04-01 23:15:55 HTTPS err.ifengcloud.ifeng.com
[BLOCK] 2025-04-01 23:15:56 HTTPS shankapi.ifeng.com
[BLOCK] 2025-04-01 23:15:57 HTTPS www.ifeng.com
[BLOCK] 2025-04-01 23:15:57 HTTPS err.ifengcloud.ifeng.com
[BLOCK] 2025-04-01 23:15:58 HTTPS err.ifengcloud.ifeng.com
[BLOCK] 2025-04-01 23:15:58 HTTPS err.ifengcloud.ifeng.com
[BLOCK] 2025-04-01 23:15:58 HTTPS shankapi.ifeng.com
[BLOCK] 2025-04-01 23:15:58 HTTPS err.ifengcloud.ifeng.com
[BLOCK] 2025-04-01 23:15:59 HTTPS err.ifengcloud.ifeng.com
[BLOCK] 2025-04-01 23:16:00 HTTPS err.ifengcloud.ifeng.com
[BLOCK] 2025-04-01 23:16:02 HTTPS www.ifeng.com
[BLOCK] 2025-04-01 23:16:02 HTTPS err.ifengcloud.ifeng.com
[BLOCK] 2025-04-01 23:16:02 HTTPS err.ifengcloud.ifeng.com
[BLOCK] 2025-04-01 23:16:03 HTTPS shankapi.ifeng.com
[BLOCK] 2025-04-01 23:16:04 HTTPS err.ifengcloud.ifeng.com
[BLOCK] 2025-04-01 23:16:04 HTTPS shankapi.ifeng.com
[BLOCK] 2025-04-01 23:16:04 HTTPS err.ifengcloud.ifeng.com
[BLOCK] 2025-04-01 23:16:04 HTTPS shankapi.ifeng.com
[BLOCK] 2025-04-01 23:16:05 HTTPS err.ifengcloud.ifeng.com
[BLOCK] 2025-04-01 23:16:05 HTTPS shankapi.ifeng.com
[BLOCK] 2025-04-01 23:16:05 HTTPS err.ifengcloud.ifeng.com
[BLOCK] 2025-04-01 23:16:05 HTTPS shankapi.ifeng.com
[BLOCK] 2025-04-01 23:16:06 HTTPS err.ifengcloud.ifeng.com
[BLOCK] 2025-04-01 23:16:06 HTTPS shankapi.ifeng.com
[BLOCK] 2025-04-01 23:16:07 HTTPS err.ifengcloud.ifeng.com
[BLOCK] 2025-04-01 23:16:07 HTTPS www.ifeng.com
[BLOCK] 2025-04-01 23:16:07 HTTPS www.ifeng.com
[BLOCK] 2025-04-01 23:16:08 HTTPS www.ifeng.com
[BLOCK] 2025-04-01 23:16:08 HTTPS www.ifeng.com
[BLOCK] 2025-04-01 23:16:09 HTTPS err.ifengcloud.ifeng.com
[BLOCK] 2025-04-01 23:16:09 HTTPS shankapi.ifeng.com
[BLOCK] 2025-04-01 23:16:09 HTTPS err.ifengcloud.ifeng.com
[BLOCK] 2025-04-01 23:16:09 HTTPS err.ifengcloud.ifeng.com
[BLOCK] 2025-04-01 23:16:09 HTTPS www.ifeng.com
[BLOCK] 2025-04-01 23:16:10 HTTPS err.ifengcloud.ifeng.com
[BLOCK] 2025-04-01 23:16:10 HTTPS err.ifengcloud.ifeng.com
[BLOCK] 2025-04-01 23:16:11 HTTPS err.ifengcloud.ifeng.com
[BLOCK] 2025-04-01 23:16:12 HTTPS www.ifeng.com
[BLOCK] 2025-04-01 23:16:14 HTTPS err.ifengcloud.ifeng.com
[BLOCK] 2025-04-01 23:16:14 HTTPS shankapi.ifeng.com
[BLOCK] 2025-04-01 23:16:14 HTTPS err.ifengcloud.ifeng.com
[BLOCK] 2025-04-01 23:16:17 HTTPS www.ifeng.com
[BLOCK] 2025-04-01 23:16:19 HTTPS err.ifengcloud.ifeng.com
[BLOCK] 2025-04-01 23:16:19 HTTPS shankapi.ifeng.com
[BLOCK] 2025-04-01 23:16:19 HTTPS shankapi.ifeng.com
[BLOCK] 2025-04-01 23:16:20 HTTPS shankapi.ifeng.com
[BLOCK] 2025-04-01 23:16:20 HTTPS shankapi.ifeng.com
[BLOCK] 2025-04-01 23:16:21 HTTPS shankapi.ifeng.com
[BLOCK] 2025-04-01 23:16:24 HTTPS shankapi.ifeng.com
[BLOCK] 2025-04-01 23:16:24 HTTPS shankapi.ifeng.com
[BLOCK] 2025-04-01 23:16:24 HTTPS shankapi.ifeng.com
[BLOCK] 2025-04-01 23:16:24 HTTPS shankapi.ifeng.com
[BLOCK] 2025-04-01 23:16:46 HTTPS www.ifeng.com
[BLOCK] 2025-04-01 23:16:46 HTTPS www.ifeng.com
[BLOCK] 2025-04-01 23:16:46 HTTPS err.ifengcloud.ifeng.com
[BLOCK] 2025-04-01 23:16:46 HTTPS www.ifeng.com
[BLOCK] 2025-04-01 23:16:46 HTTPS err.ifengcloud.ifeng.com
[BLOCK] 2025-04-01 23:16:46 HTTPS err.ifengcloud.ifeng.com
[BLOCK] 2025-04-01 23:16:47 HTTPS stadig.ifeng.com
[BLOCK] 2025-04-01 23:16:47 HTTPS stadig.ifeng.com
[BLOCK] 2025-04-01 23:16:47 HTTPS www.ifeng.com
[BLOCK] 2025-04-01 23:16:47 HTTPS shankapi.ifeng.com
[BLOCK] 2025-04-01 23:16:47 HTTPS shankapi.ifeng.com
[BLOCK] 2025-04-01 23:16:47 HTTPS ax.ifeng.com
[BLOCK] 2025-04-01 23:16:47 HTTPS ax.ifeng.com
[BLOCK] 2025-04-01 23:16:47 HTTPS stadig.ifeng.com
[BLOCK] 2025-04-01 23:16:47 HTTPS err.ifengcloud.ifeng.com
[BLOCK] 2025-04-01 23:16:47 HTTPS shankapi.ifeng.com
[BLOCK] 2025-04-01 23:16:47 HTTPS ax.ifeng.com
[BLOCK] 2025-04-01 23:16:47 HTTPS ax.ifeng.com
[BLOCK] 2025-04-01 23:16:47 HTTPS ax.ifeng.com
[BLOCK] 2025-04-01 23:16:47 HTTPS ax.ifeng.com
[BLOCK] 2025-04-01 23:16:47 HTTPS ax.ifeng.com
[BLOCK] 2025-04-01 23:16:47 HTTPS ax.ifeng.com
[BLOCK] 2025-04-01 23:16:47 HTTPS ax.ifeng.com
[BLOCK] 2025-04-01 23:16:47 HTTPS ax.ifeng.com
[BLOCK] 2025-04-01 23:16:47 HTTPS ax.ifeng.com
[BLOCK] 2025-04-01 23:16:47 HTTPS ax.ifeng.com
[BLOCK] 2025-04-01 23:16:47 HTTPS ax.ifeng.com
[BLOCK] 2025-04-01 23:16:47 HTTPS ax.ifeng.com
[BLOCK] 2025-04-01 23:16:47 HTTPS ax.ifeng.com
[BLOCK] 2025-04-01 23:16:48 HTTPS stadig.ifeng.com
[BLOCK] 2025-04-01 23:16:48 HTTPS shankapi.ifeng.com
[BLOCK] 2025-04-01 23:16:48 HTTPS ax.ifeng.com
[BLOCK] 2025-04-01 23:16:48 HTTPS www.ifeng.com
[BLOCK] 2025-04-01 23:16:48 HTTPS ax.ifeng.com
[BLOCK] 2025-04-01 23:16:48 HTTPS ax.ifeng.com
[BLOCK] 2025-04-01 23:16:48 HTTPS ax.ifeng.com
[BLOCK] 2025-04-01 23:16:48 HTTPS ax.ifeng.com
[BLOCK] 2025-04-01 23:16:48 HTTPS err.ifengcloud.ifeng.com
[BLOCK] 2025-04-01 23:16:49 HTTPS stadig.ifeng.com
[BLOCK] 2025-04-01 23:16:49 HTTPS shankapi.ifeng.com
[BLOCK] 2025-04-01 23:16:49 HTTPS ax.ifeng.com
[BLOCK] 2025-04-01 23:16:49 HTTPS ax.ifeng.com
[BLOCK] 2025-04-01 23:16:49 HTTPS ax.ifeng.com
[BLOCK] 2025-04-01 23:16:49 HTTPS ax.ifeng.com
[BLOCK] 2025-04-01 23:16:49 HTTPS ax.ifeng.com
[BLOCK] 2025-04-01 23:16:50 HTTPS www.ifeng.com
[BLOCK] 2025-04-01 23:16:51 HTTPS err.ifengcloud.ifeng.com
[BLOCK] 2025-04-01 23:16:51 HTTPS err.ifengcloud.ifeng.com
[BLOCK] 2025-04-01 23:16:51 HTTPS stadig.ifeng.com
[BLOCK] 2025-04-01 23:16:51 HTTPS err.ifengcloud.ifeng.com
[BLOCK] 2025-04-01 23:16:51 HTTPS shankapi.ifeng.com
[BLOCK] 2025-04-01 23:16:51 HTTPS ax.ifeng.com
[BLOCK] 2025-04-01 23:16:51 HTTPS err.ifengcloud.ifeng.com
[BLOCK] 2025-04-01 23:16:52 HTTPS ax.ifeng.com
[BLOCK] 2025-04-01 23:16:52 HTTPS ax.ifeng.com
[BLOCK] 2025-04-01 23:16:52 HTTPS ax.ifeng.com
[BLOCK] 2025-04-01 23:16:52 HTTPS ax.ifeng.com
[BLOCK] 2025-04-01 23:16:52 HTTPS err.ifengcloud.ifeng.com
[BLOCK] 2025-04-01 23:16:53 HTTPS err.ifengcloud.ifeng.com
[BLOCK] 2025-04-01 23:16:55 HTTPS www.ifeng.com
[BLOCK] 2025-04-01 23:16:55 HTTPS err.ifengcloud.ifeng.com
[BLOCK] 2025-04-01 23:16:56 HTTPS err.ifengcloud.ifeng.com
[BLOCK] 2025-04-01 23:16:56 HTTPS stadig.ifeng.com
[BLOCK] 2025-04-01 23:16:56 HTTPS shankapi.ifeng.com
[BLOCK] 2025-04-01 23:16:56 HTTPS ax.ifeng.com
[BLOCK] 2025-04-01 23:16:56 HTTPS ax.ifeng.com
[BLOCK] 2025-04-01 23:16:56 HTTPS ax.ifeng.com
[BLOCK] 2025-04-01 23:16:57 HTTPS ax.ifeng.com
[BLOCK] 2025-04-01 23:16:57 HTTPS ax.ifeng.com
[BLOCK] 2025-04-01 23:24:08 HTTPS err.ifengcloud.ifeng.com
[BLOCK] 2025-04-01 23:24:08 HTTPS err.ifengcloud.ifeng.com
[BLOCK] 2025-04-01 23:24:08 HTTPS err.ifengcloud.ifeng.com
[BLOCK] 2025-04-01 23:24:09 HTTPS console.zhibo.ifeng.com
[BLOCK] 2025-04-01 23:24:09 HTTPS console.zhibo.ifeng.com
[BLOCK] 2025-04-01 23:24:09 HTTPS err.ifengcloud.ifeng.com
[BLOCK] 2025-04-01 23:24:09 HTTPS console.zhibo.ifeng.com
[BLOCK] 2025-04-01 23:24:10 HTTPS console.zhibo.ifeng.com
[BLOCK] 2025-04-01 23:24:10 HTTPS err.ifengcloud.ifeng.com
[BLOCK] 2025-04-01 23:24:11 HTTPS console.zhibo.ifeng.com
[BLOCK] 2025-04-01 23:24:12 HTTPS err.ifengcloud.ifeng.com
[BLOCK] 2025-04-01 23:24:13 HTTPS err.ifengcloud.ifeng.com
[BLOCK] 2025-04-01 23:24:13 HTTPS err.ifengcloud.ifeng.com
[BLOCK] 2025-04-01 23:24:13 HTTPS console.zhibo.ifeng.com
[BLOCK] 2025-04-01 23:24:13 HTTPS err.ifengcloud.ifeng.com
[BLOCK] 2025-04-01 23:24:14 HTTPS err.ifengcloud.ifeng.com
[BLOCK] 2025-04-01 23:24:15 HTTPS err.ifengcloud.ifeng.com
[BLOCK] 2025-04-01 23:25:34 HTTPS www.ifeng.com
[BLOCK] 2025-04-01 23:25:34 HTTPS www.ifeng.com
[BLOCK] 2025-04-01 23:25:34 HTTPS www.ifeng.com
[BLOCK] 2025-04-01 23:25:34 HTTPS www.ifeng.com
[BLOCK] 2025-04-01 23:25:35 HTTPS www.ifeng.com
[BLOCK] 2025-04-01 23:25:35 HTTPS www.ifeng.com
[BLOCK] 2025-04-01 23:25:35 HTTPS www.ifeng.com
[BLOCK] 2025-04-01 23:25:35 HTTPS www.ifeng.com
[BLOCK] 2025-04-01 23:25:36 HTTPS www.ifeng.com
[BLOCK] 2025-04-01 23:25:36 HTTPS www.ifeng.com
[BLOCK] 2025-04-01 23:25:39 HTTPS www.ifeng.com
[BLOCK] 2025-04-01 23:25:39 HTTPS www.ifeng.com
[BLOCK] 2025-04-01 23:25:44 HTTPS www.ifeng.com
[BLOCK] 2025-04-01 23:25:44 HTTPS www.ifeng.com
[BLOCK] 2025-04-01 23:25:50 HTTPS err.ifengcloud.ifeng.com
[BLOCK] 2025-04-01 23:25:50 HTTPS err.ifengcloud.ifeng.com
[BLOCK] 2025-04-01 23:25:50 HTTPS err.ifengcloud.ifeng.com
[BLOCK] 2025-04-01 23:25:51 HTTPS shankapi.ifeng.com
[BLOCK] 2025-04-01 23:25:51 HTTPS shankapi.ifeng.com
[BLOCK] 2025-04-01 23:25:51 HTTPS err.ifengcloud.ifeng.com
[BLOCK] 2025-04-01 23:25:51 HTTPS shankapi.ifeng.com
[BLOCK] 2025-04-01 23:25:52 HTTPS shankapi.ifeng.com
[BLOCK] 2025-04-01 23:25:52 HTTPS err.ifengcloud.ifeng.com
[BLOCK] 2025-04-01 23:25:53 HTTPS shankapi.ifeng.com
[BLOCK] 2025-04-01 23:25:55 HTTPS err.ifengcloud.ifeng.com
[BLOCK] 2025-04-01 23:25:55 HTTPS shankapi.ifeng.com
[BLOCK] 2025-04-01 23:25:55 HTTPS err.ifengcloud.ifeng.com
[BLOCK] 2025-04-01 23:25:56 HTTPS err.ifengcloud.ifeng.com
[BLOCK] 2025-04-01 23:25:56 HTTPS err.ifengcloud.ifeng.com
[BLOCK] 2025-04-01 23:25:56 HTTPS err.ifengcloud.ifeng.com
[BLOCK] 2025-04-01 23:25:58 HTTPS err.ifengcloud.ifeng.com
[BLOCK] 2025-04-01 23:25:59 HTTPS err.ifengcloud.ifeng.com
[BLOCK] 2025-04-01 23:26:00 HTTPS err.ifengcloud.ifeng.com
[BLOCK] 2025-04-01 23:26:00 HTTPS shankapi.ifeng.com
[BLOCK] 2025-04-01 23:26:05 HTTPS err.ifengcloud.ifeng.com
